MIG: 21:45:57 : xml_input_file: mig_a.prj
MIG: 21:45:57 : Absolute path of xml_input_file: /home/kamran/my_xil_dir/Vivado/2017.1/mem_close/mem_close.srcs/sources_1/ip/mig_7series_0/mig_a.prj
MIG: 21:45:57 : xml_input_file: mig_a.prj
MIG: 21:45:57 : Absolute path of xml_input_file: /home/kamran/my_xil_dir/Vivado/2017.1/mem_close/mem_close.srcs/sources_1/ip/mig_7series_0/mig_a.prj
MIG: 11:04:45 : xml_input_file: mig_a.prj
MIG: 11:04:45 : Absolute path of xml_input_file: /home/kamran/my_xil_dir/Vivado/2017.1/mem_close/mem_close.srcs/sources_1/ip/mig_7series_0/mig_a.prj
MIG: 11:04:45 : xml_input_file: mig_a.prj
MIG: 11:04:45 : Absolute path of xml_input_file: /home/kamran/my_xil_dir/Vivado/2017.1/mem_close/mem_close.srcs/sources_1/ip/mig_7series_0/mig_a.prj
MIG: 17:39:41 : xml_input_file: mig_a.prj
MIG: 17:39:41 : Absolute path of xml_input_file: /home/kamran/MTP_PRO/kc705/ip/mig_7series_0/mig_a.prj
MIG: 17:39:41 : xml_input_file: mig_a.prj
MIG: 17:39:41 : Absolute path of xml_input_file: /home/kamran/MTP_PRO/kc705/ip/mig_7series_0/mig_a.prj
MIG: 17:41:20 : xml_input_file: mig_a.prj
MIG: 17:41:20 : Absolute path of xml_input_file: /home/kamran/MTP_PRO/kc705/ip/mig_7series_0/mig_a.prj
MIG: 17:41:20 : xml_input_file: mig_a.prj
MIG: 17:41:20 : Absolute path of xml_input_file: /home/kamran/MTP_PRO/kc705/ip/mig_7series_0/mig_a.prj
MIG: 17:41:20 : In updateAllModelParams
MIG: 17:41:20 : ################# RUNNING MIG BATCH ###################
MIG: 17:41:20 : Writing IN file for 'mig_7series_0'...compDirPath: /home/kamran/my_xil_dir/Vivado/2017.1/data/ip/xilinx/mig_7series_v4_0... instDirPath: /home/kamran/MTP_PRO/kc705/ip/mig_7series_0
MIG: 17:41:20 : synp_flow:  -- synthesis_mode: Other
MIG: 17:41:20 : outputDirectory: /home/kamran/MTP_PRO/kc705/ip/mig_7series_0/_tmp/
MIG: 17:41:20 : vivado_mode: xpg_pa
MIG: 17:41:20 :  locked false  
MIG: 17:41:20 : HDL Language: Verilog
MIG: 17:41:20 : compInfo: true
MIG: 17:41:20 : Vivado Options xc7k325t ffg900 -2
MIG: 17:41:20 : 1: xc7k325t 2: ffg900 3: -2
MIG: 17:41:20 : relative mig path: coregen/ip/xilinx/other/com/xilinx/ip/mig_7series_v4_0/bin/lin64/mig
MIG: 17:41:20 : xilinx_path: /home/kamran/my_xil_dir/Vivado/2017.1/ids_lite/ISE
MIG: 17:41:20 : I am in catch area
MIG: 17:41:20 : Running /home/kamran/my_xil_dir/Vivado/2017.1/ids_lite/ISE/coregen/ip/xilinx/other/com/xilinx/ip/mig_7series_v4_0/bin/lin64/mig -cg_exc_inp /home/kamran/MTP_PRO/kc705/ip/mig_7series_0/xil_txt.in -cg_exc_out /home/kamran/MTP_PRO/kc705/ip/mig_7series_0/xil_txt.out ... 
MIG: 17:41:30 : XML_INPUT_FILE: /home/kamran/MTP_PRO/kc705/ip/mig_7series_0/mig_a.prj
MIG: 17:41:30 : Component_Name: mig_7series_0
MIG: 17:41:30 : Moving mig_7series_0.veo ...
MIG: 17:41:30 : Moving mig_7series_0_xmdf.tcl ...
MIG: 17:41:30 : Moving mig_7series_0 ...
MIG: 17:41:30 : XGUI hdlLanguage: Verilog
MIG: 17:41:30 : xgui vivado_mode: xpg_pa
MIG: 17:41:30 : xgui hdlLanguage: Verilog -- hdlExt: v
MIG: 17:41:30 : Reading /home/kamran/MTP_PRO/kc705/ip/mig_7series_0/mig_7series_0/user_design/rtl/mig_7series_0_mig.v ...
MIG: 17:41:31 : 1
MIG: 17:41:31 : Inside fn mem: DDR3
MIG: 17:41:31 : detect_uiclk: 200000000
MIG: 17:41:31 : cntrl:  memtype: DDR3
MIG: 17:41:31 : 800
MIG: 17:41:31 :  MMCM_VCO single ctrl param_name: MMCM_VCO --  possibleMaxVcoVal: 800 
MIG: 17:41:31 : 
MIG: 17:41:31 : 
MIG: 17:41:31 : 200000000
MIG: 17:41:31 : 
MIG: 17:41:31 :  polarity_value: 0
MIG: 17:41:31 : ACTIVE_HIGH
MIG: 17:41:31 : EXTERNAL
MIG: 17:41:31 : cntrl:  memtype: DDR3
MIG: 17:41:31 : 
MIG: 17:41:31 :  Valid Param: DDR3_BANK_WIDTH ==> 3
MIG: 17:41:31 : 
MIG: 17:41:31 :  Valid Param: DDR3_CK_WIDTH ==> 1
MIG: 17:41:31 :  Invalid Param: DDR3_COL_WIDTH ==> 10
MIG: 17:41:31 : 
MIG: 17:41:31 :  Valid Param: DDR3_CS_WIDTH ==> 1
MIG: 17:41:31 : 
MIG: 17:41:31 :  Valid Param: DDR3_nCS_PER_RANK ==> 1
MIG: 17:41:31 : 
MIG: 17:41:31 :  Valid Param: DDR3_CKE_WIDTH ==> 1
MIG: 17:41:31 :  Invalid Param: DDR3_DATA_BUF_ADDR_WIDTH ==> 5
MIG: 17:41:31 :  Invalid Param: DDR3_DQ_CNT_WIDTH ==> 6
MIG: 17:41:31 :  Invalid Param: DDR3_DQ_PER_DM ==> 8
MIG: 17:41:31 : 8
MIG: 17:41:31 :  Valid Param: DDR3_DM_WIDTH ==> 8
MIG: 17:41:31 : 64
MIG: 17:41:31 :  Valid Param: DDR3_DQ_WIDTH ==> 64
MIG: 17:41:31 : 8
MIG: 17:41:31 :  Valid Param: DDR3_DQS_WIDTH ==> 8
MIG: 17:41:31 : 3
MIG: 17:41:31 :  Valid Param: DDR3_DQS_CNT_WIDTH ==> 3
MIG: 17:41:31 :  Invalid Param: DDR3_DRAM_WIDTH ==> 8
MIG: 17:41:31 : 
MIG: 17:41:31 :  Valid Param: ECC ==> OFF
MIG: 17:41:31 : 64
MIG: 17:41:31 :  Valid Param: DDR3_DATA_WIDTH ==> 64
MIG: 17:41:31 :  Invalid Param: ECC_TEST ==> "OFF"
MIG: 17:41:31 :  Invalid Param: DDR3_PAYLOAD_WIDTH ==> (ECC_TEST == "OFF") ? DATA_WIDTH : DQ_WIDTH
MIG: 17:41:31 :  Invalid Param: DDR3_MEM_ADDR_ORDER ==> "BANK_ROW_COLUMN"
MIG: 17:41:31 :  Invalid Param: DDR3_nBANK_MACHS ==> 4
MIG: 17:41:31 :  Invalid Param: DDR3_RANKS ==> 1
MIG: 17:41:31 : 
MIG: 17:41:31 :  Valid Param: DDR3_ODT_WIDTH ==> 1
MIG: 17:41:31 : 
MIG: 17:41:31 :  Valid Param: DDR3_ROW_WIDTH ==> 14
MIG: 17:41:31 : 28
MIG: 17:41:31 :  Valid Param: DDR3_ADDR_WIDTH ==> 28
MIG: 17:41:31 : 
MIG: 17:41:31 :  Valid Param: DDR3_USE_CS_PORT ==> 1
MIG: 17:41:31 : 
MIG: 17:41:31 :  Valid Param: DDR3_USE_DM_PORT ==> 1
MIG: 17:41:31 : 
MIG: 17:41:31 :  Valid Param: DDR3_USE_ODT_PORT ==> 1
MIG: 17:41:31 :  Invalid Param: DDR3_IS_CLK_SHARED ==> "FALSE"
MIG: 17:41:31 :  Invalid Param: DDR3_PHY_CONTROL_MASTER_BANK ==> 1
MIG: 17:41:31 :  Invalid Param: DDR3_MEM_DENSITY ==> "1Gb"
MIG: 17:41:31 :  Invalid Param: DDR3_MEM_SPEEDGRADE ==> "125"
MIG: 17:41:31 :  Invalid Param: DDR3_MEM_DEVICE_WIDTH ==> 8
MIG: 17:41:31 :  Invalid Param: DDR3_AL ==> "0"
MIG: 17:41:31 :  Invalid Param: DDR3_nAL ==> 0
MIG: 17:41:31 :  Invalid Param: DDR3_BURST_MODE ==> "8"
MIG: 17:41:31 :  Invalid Param: DDR3_BURST_TYPE ==> "SEQ"
MIG: 17:41:31 :  Invalid Param: DDR3_CL ==> 11
MIG: 17:41:31 :  Invalid Param: DDR3_CWL ==> 8
MIG: 17:41:31 :  Invalid Param: DDR3_OUTPUT_DRV ==> "HIGH"
MIG: 17:41:31 :  Invalid Param: DDR3_RTT_NOM ==> "40"
MIG: 17:41:31 :  Invalid Param: DDR3_RTT_WR ==> "OFF"
MIG: 17:41:31 :  Invalid Param: DDR3_ADDR_CMD_MODE ==> "1T"
MIG: 17:41:31 : 
MIG: 17:41:31 :  Valid Param: DDR3_REG_CTRL ==> OFF
MIG: 17:41:31 :  Invalid Param: DDR3_CA_MIRROR ==> "OFF"
MIG: 17:41:31 :  Invalid Param: DDR3_VDD_OP_VOLT ==> "150"
MIG: 17:41:31 :  Invalid Param: DDR3_CLKIN_PERIOD ==> 5000
MIG: 17:41:31 :  Invalid Param: DDR3_CLKFBOUT_MULT ==> 8
MIG: 17:41:31 :  Invalid Param: DDR3_DIVCLK_DIVIDE ==> 1
MIG: 17:41:31 :  Invalid Param: DDR3_CLKOUT0_PHASE ==> 337.5
MIG: 17:41:31 :  Invalid Param: DDR3_CLKOUT0_DIVIDE ==> 2
MIG: 17:41:31 :  Invalid Param: DDR3_CLKOUT1_DIVIDE ==> 2
MIG: 17:41:31 :  Invalid Param: DDR3_CLKOUT2_DIVIDE ==> 32
MIG: 17:41:31 :  Invalid Param: DDR3_CLKOUT3_DIVIDE ==> 8
MIG: 17:41:31 :  Invalid Param: DDR3_MMCM_VCO ==> 800
MIG: 17:41:31 :  Invalid Param: DDR3_MMCM_MULT_F ==> 4
MIG: 17:41:31 :  Invalid Param: DDR3_MMCM_DIVCLK_DIVIDE ==> 1
MIG: 17:41:31 :  Invalid Param: DDR3_tCKE ==> 5000
MIG: 17:41:31 :  Invalid Param: DDR3_tFAW ==> 30000
MIG: 17:41:31 :  Invalid Param: DDR3_tPRDI ==> 1_000_000
MIG: 17:41:31 :  Invalid Param: DDR3_tRAS ==> 35000
MIG: 17:41:31 :  Invalid Param: DDR3_tRCD ==> 13750
MIG: 17:41:31 :  Invalid Param: DDR3_tREFI ==> 7800000
MIG: 17:41:31 :  Invalid Param: DDR3_tRFC ==> 110000
MIG: 17:41:31 :  Invalid Param: DDR3_tRP ==> 13750
MIG: 17:41:31 :  Invalid Param: DDR3_tRRD ==> 6000
MIG: 17:41:31 :  Invalid Param: DDR3_tRTP ==> 7500
MIG: 17:41:31 :  Invalid Param: DDR3_tWTR ==> 7500
MIG: 17:41:31 :  Invalid Param: DDR3_tZQI ==> 128_000_000
MIG: 17:41:31 :  Invalid Param: DDR3_tZQCS ==> 64
MIG: 17:41:31 :  Invalid Param: DDR3_SIM_BYPASS_INIT_CAL ==> "OFF"
MIG: 17:41:31 :  Invalid Param: DDR3_SIMULATION ==> "FALSE"
MIG: 17:41:31 :  Invalid Param: DDR3_BYTE_LANES_B0 ==> 4'b1111
MIG: 17:41:31 :  Invalid Param: DDR3_BYTE_LANES_B1 ==> 4'b0111
MIG: 17:41:31 :  Invalid Param: DDR3_BYTE_LANES_B2 ==> 4'b1111
MIG: 17:41:31 :  Invalid Param: DDR3_BYTE_LANES_B3 ==> 4'b0000
MIG: 17:41:31 :  Invalid Param: DDR3_BYTE_LANES_B4 ==> 4'b0000
MIG: 17:41:31 :  Invalid Param: DDR3_DATA_CTL_B0 ==> 4'b1111
MIG: 17:41:31 :  Invalid Param: DDR3_DATA_CTL_B1 ==> 4'b0000
MIG: 17:41:31 :  Invalid Param: DDR3_DATA_CTL_B2 ==> 4'b1111
MIG: 17:41:31 :  Invalid Param: DDR3_DATA_CTL_B3 ==> 4'b0000
MIG: 17:41:31 :  Invalid Param: DDR3_DATA_CTL_B4 ==> 4'b0000
MIG: 17:41:31 :  Invalid Param: DDR3_PHY_0_BITLANES ==> 48'h3FE_3FE_3FE_2FF
MIG: 17:41:31 :  Invalid Param: DDR3_PHY_1_BITLANES ==> 48'h000_CB0_473_FFF
MIG: 17:41:31 :  Invalid Param: DDR3_PHY_2_BITLANES ==> 48'h3FE_3FE_3FE_2FF
MIG: 17:41:31 :  Invalid Param: DDR3_CK_BYTE_MAP ==> 144'h00_00_00_00_00_00_00_00_00_00_00_00_00_00_00_00_00_11
MIG: 17:41:31 :  Invalid Param: DDR3_ADDR_MAP ==> 192'h000_000_111_110_109_108_107_106_10B_10A_105_104_103_102_101_100
MIG: 17:41:31 :  Invalid Param: DDR3_BANK_MAP ==> 36'h11A_115_114
MIG: 17:41:31 :  Invalid Param: DDR3_CAS_MAP ==> 12'h12A
MIG: 17:41:31 :  Invalid Param: DDR3_CKE_ODT_BYTE_MAP ==> 8'h00
MIG: 17:41:31 :  Invalid Param: DDR3_CKE_MAP ==> 96'h000_000_000_000_000_000_000_116
MIG: 17:41:31 :  Invalid Param: DDR3_ODT_MAP ==> 96'h000_000_000_000_000_000_000_127
MIG: 17:41:31 :  Invalid Param: DDR3_CS_MAP ==> 120'h000_000_000_000_000_000_000_000_000_12B
MIG: 17:41:31 :  Invalid Param: DDR3_PARITY_MAP ==> 12'h000
MIG: 17:41:31 :  Invalid Param: DDR3_RAS_MAP ==> 12'h125
MIG: 17:41:31 :  Invalid Param: DDR3_WE_MAP ==> 12'h124
MIG: 17:41:31 :  Invalid Param: DDR3_DQS_BYTE_MAP ==> 144'h00_00_00_00_00_00_00_00_00_00_03_02_01_00_23_22_21_20
MIG: 17:41:31 :  Invalid Param: DDR3_DATA0_MAP ==> 96'h200_209_206_203_204_205_202_207
MIG: 17:41:31 :  Invalid Param: DDR3_DATA1_MAP ==> 96'h219_218_214_215_217_212_216_213
MIG: 17:41:31 :  Invalid Param: DDR3_DATA2_MAP ==> 96'h225_224_229_226_223_222_228_227
MIG: 17:41:31 :  Invalid Param: DDR3_DATA3_MAP ==> 96'h238_236_234_233_235_237_232_239
MIG: 17:41:31 :  Invalid Param: DDR3_DATA4_MAP ==> 96'h005_003_000_009_007_006_004_002
MIG: 17:41:31 :  Invalid Param: DDR3_DATA5_MAP ==> 96'h013_012_018_019_015_014_017_016
MIG: 17:41:31 :  Invalid Param: DDR3_DATA6_MAP ==> 96'h023_027_022_029_024_025_028_026
MIG: 17:41:31 :  Invalid Param: DDR3_DATA7_MAP ==> 96'h039_037_033_032_035_034_038_036
MIG: 17:41:31 :  Invalid Param: DDR3_DATA8_MAP ==> 96'h000_000_000_000_000_000_000_000
MIG: 17:41:31 :  Invalid Param: DDR3_DATA9_MAP ==> 96'h000_000_000_000_000_000_000_000
MIG: 17:41:31 :  Invalid Param: DDR3_DATA10_MAP ==> 96'h000_000_000_000_000_000_000_000
MIG: 17:41:31 :  Invalid Param: DDR3_DATA11_MAP ==> 96'h000_000_000_000_000_000_000_000
MIG: 17:41:31 :  Invalid Param: DDR3_DATA12_MAP ==> 96'h000_000_000_000_000_000_000_000
MIG: 17:41:31 :  Invalid Param: DDR3_DATA13_MAP ==> 96'h000_000_000_000_000_000_000_000
MIG: 17:41:31 :  Invalid Param: DDR3_DATA14_MAP ==> 96'h000_000_000_000_000_000_000_000
MIG: 17:41:31 :  Invalid Param: DDR3_DATA15_MAP ==> 96'h000_000_000_000_000_000_000_000
MIG: 17:41:31 :  Invalid Param: DDR3_DATA16_MAP ==> 96'h000_000_000_000_000_000_000_000
MIG: 17:41:31 :  Invalid Param: DDR3_DATA17_MAP ==> 96'h000_000_000_000_000_000_000_000
MIG: 17:41:31 :  Invalid Param: DDR3_MASK0_MAP ==> 108'h000_031_021_011_001_231_221_211_201
MIG: 17:41:31 :  Invalid Param: DDR3_MASK1_MAP ==> 108'h000_000_000_000_000_000_000_000_000
MIG: 17:41:31 :  Invalid Param: DDR3_SLOT_0_CONFIG ==> 8'b0000_0001
MIG: 17:41:31 :  Invalid Param: DDR3_SLOT_1_CONFIG ==> 8'b0000_0000
MIG: 17:41:31 :  Invalid Param: DDR3_IBUF_LPWR_MODE ==> "OFF"
MIG: 17:41:31 :  Invalid Param: DDR3_DATA_IO_IDLE_PWRDWN ==> "ON"
MIG: 17:41:31 :  Invalid Param: DDR3_BANK_TYPE ==> "HP_IO"
MIG: 17:41:31 :  Invalid Param: DDR3_DATA_IO_PRIM_TYPE ==> "HP_LP"
MIG: 17:41:31 :  Invalid Param: DDR3_CKE_ODT_AUX ==> "FALSE"
MIG: 17:41:31 :  Invalid Param: DDR3_USER_REFRESH ==> "OFF"
MIG: 17:41:31 :  Invalid Param: DDR3_WRLVL ==> "ON"
MIG: 17:41:31 :  Invalid Param: DDR3_ORDERING ==> "NORM"
MIG: 17:41:31 :  Invalid Param: DDR3_CALIB_ROW_ADD ==> 16'h0000
MIG: 17:41:31 :  Invalid Param: DDR3_CALIB_COL_ADD ==> 12'h000
MIG: 17:41:31 :  Invalid Param: DDR3_CALIB_BA_ADD ==> 3'h0
MIG: 17:41:31 :  Invalid Param: DDR3_TCQ ==> 100
MIG: 17:41:31 :  Invalid Param: DDR3_IDELAY_ADJ ==> "ON"
MIG: 17:41:31 :  Invalid Param: DDR3_FINE_PER_BIT ==> "ON"
MIG: 17:41:31 :  Invalid Param: DDR3_CENTER_COMP_MODE ==> "ON"
MIG: 17:41:31 :  Invalid Param: DDR3_PI_VAL_ADJ ==> "ON"
MIG: 17:41:31 :  Invalid Param: DDR3_IODELAY_GRP0 ==> "MIG_7SERIES_0_IODELAY_MIG0"
MIG: 17:41:31 :  Invalid Param: DDR3_IODELAY_GRP1 ==> "MIG_7SERIES_0_IODELAY_MIG1"
MIG: 17:41:31 :  Invalid Param: DDR3_SYSCLK_TYPE ==> "DIFFERENTIAL"
MIG: 17:41:31 :  Invalid Param: DDR3_REFCLK_TYPE ==> "USE_SYSTEM_CLOCK"
MIG: 17:41:31 :  Invalid Param: DDR3_SYS_RST_PORT ==> "FALSE"
MIG: 17:41:31 :  Invalid Param: DDR3_FPGA_SPEED_GRADE ==> 2
MIG: 17:41:31 :  Invalid Param: DDR3_CMD_PIPE_PLUS1 ==> "ON"
MIG: 17:41:31 :  Invalid Param: DDR3_DRAM_TYPE ==> "DDR3"
MIG: 17:41:31 :  Invalid Param: DDR3_CAL_WIDTH ==> "HALF"
MIG: 17:41:31 :  Invalid Param: DDR3_STARVE_LIMIT ==> 2
MIG: 17:41:31 :  Invalid Param: DDR3_REF_CLK_MMCM_IODELAY_CTRL ==> "TRUE"
MIG: 17:41:31 :  Invalid Param: DDR3_REFCLK_FREQ ==> 200.0
MIG: 17:41:31 :  Invalid Param: DDR3_DIFF_TERM_REFCLK ==> "TRUE"
MIG: 17:41:31 :  Invalid Param: DDR3_tCK ==> 1250
MIG: 17:41:31 : 4
MIG: 17:41:31 :  Valid Param: DDR3_nCK_PER_CLK ==> 4
MIG: 17:41:31 :  Invalid Param: DDR3_DIFF_TERM_SYSCLK ==> "FALSE"
MIG: 17:41:31 : 
MIG: 17:41:31 :  Valid Param: DDR3_DEBUG_PORT ==> OFF
MIG: 17:41:31 : 
MIG: 17:41:31 :  Invalid Param: DDR3_TEMP_MON_CONTROL ==> "EXTERNAL"
MIG: 17:41:31 :  Invalid Param: DDR3_FPGA_VOLT_TYPE ==> "N"
MIG: 17:41:31 :  Invalid Param: DDR3_RST_ACT_LOW ==> 0
MIG: 17:41:31 : 
MIG: 17:41:31 : NONE
MIG: 17:41:31 : 
MIG: 17:41:31 : Same Interface
MIG: 17:41:32 : xml_input_file: mig_a.prj
MIG: 17:41:32 : Absolute path of xml_input_file: /home/kamran/MTP_PRO/kc705/ip/mig_7series_0/mig_a.prj
MIG: 17:41:32 : In updateAllModelParams
MIG: 17:41:32 : IGN:     <ModuleName>mig_7series_0</ModuleName> <==>     <ModuleName>mig_7series_0</ModuleName> 
MIG: 17:41:32 : IGN:         <InputClkFreq>200</InputClkFreq> <==>         <InputClkFreq>200</InputClkFreq> 
MIG: 17:41:32 : XGUI hdlLanguage: Verilog
MIG: 17:41:32 : xgui vivado_mode: xpg_pa
MIG: 17:41:32 : xgui hdlLanguage: Verilog -- hdlExt: v
MIG: 17:41:32 : Reading /home/kamran/MTP_PRO/kc705/ip/mig_7series_0/mig_7series_0/user_design/rtl/mig_7series_0_mig.v ...
MIG: 17:41:33 : 
MIG: 17:41:33 : Inside fn mem: DDR3
MIG: 17:41:33 : detect_uiclk: 200000000
MIG: 17:41:33 : cntrl:  memtype: DDR3
MIG: 17:41:33 : 
MIG: 17:41:33 :  MMCM_VCO single ctrl param_name: MMCM_VCO --  possibleMaxVcoVal: 800 
MIG: 17:41:33 : 
MIG: 17:41:33 : 
MIG: 17:41:33 : 
MIG: 17:41:33 : 
MIG: 17:41:33 :  polarity_value: 0
MIG: 17:41:33 : 
MIG: 17:41:33 : 
MIG: 17:41:33 : cntrl:  memtype: DDR3
MIG: 17:41:33 : 
MIG: 17:41:33 :  Valid Param: DDR3_BANK_WIDTH ==> 3
MIG: 17:41:33 : 
MIG: 17:41:33 :  Valid Param: DDR3_CK_WIDTH ==> 1
MIG: 17:41:33 :  Invalid Param: DDR3_COL_WIDTH ==> 10
MIG: 17:41:33 : 
MIG: 17:41:33 :  Valid Param: DDR3_CS_WIDTH ==> 1
MIG: 17:41:33 : 
MIG: 17:41:33 :  Valid Param: DDR3_nCS_PER_RANK ==> 1
MIG: 17:41:33 : 
MIG: 17:41:33 :  Valid Param: DDR3_CKE_WIDTH ==> 1
MIG: 17:41:33 :  Invalid Param: DDR3_DATA_BUF_ADDR_WIDTH ==> 5
MIG: 17:41:33 :  Invalid Param: DDR3_DQ_CNT_WIDTH ==> 6
MIG: 17:41:33 :  Invalid Param: DDR3_DQ_PER_DM ==> 8
MIG: 17:41:33 : 
MIG: 17:41:33 :  Valid Param: DDR3_DM_WIDTH ==> 8
MIG: 17:41:33 : 
MIG: 17:41:33 :  Valid Param: DDR3_DQ_WIDTH ==> 64
MIG: 17:41:33 : 
MIG: 17:41:33 :  Valid Param: DDR3_DQS_WIDTH ==> 8
MIG: 17:41:33 : 
MIG: 17:41:33 :  Valid Param: DDR3_DQS_CNT_WIDTH ==> 3
MIG: 17:41:33 :  Invalid Param: DDR3_DRAM_WIDTH ==> 8
MIG: 17:41:33 : 
MIG: 17:41:33 :  Valid Param: ECC ==> OFF
MIG: 17:41:33 : 
MIG: 17:41:33 :  Valid Param: DDR3_DATA_WIDTH ==> 64
MIG: 17:41:33 :  Invalid Param: ECC_TEST ==> "OFF"
MIG: 17:41:33 :  Invalid Param: DDR3_PAYLOAD_WIDTH ==> (ECC_TEST == "OFF") ? DATA_WIDTH : DQ_WIDTH
MIG: 17:41:33 :  Invalid Param: DDR3_MEM_ADDR_ORDER ==> "BANK_ROW_COLUMN"
MIG: 17:41:33 :  Invalid Param: DDR3_nBANK_MACHS ==> 4
MIG: 17:41:33 :  Invalid Param: DDR3_RANKS ==> 1
MIG: 17:41:33 : 
MIG: 17:41:33 :  Valid Param: DDR3_ODT_WIDTH ==> 1
MIG: 17:41:33 : 
MIG: 17:41:33 :  Valid Param: DDR3_ROW_WIDTH ==> 14
MIG: 17:41:33 : 
MIG: 17:41:33 :  Valid Param: DDR3_ADDR_WIDTH ==> 28
MIG: 17:41:33 : 
MIG: 17:41:33 :  Valid Param: DDR3_USE_CS_PORT ==> 1
MIG: 17:41:33 : 
MIG: 17:41:33 :  Valid Param: DDR3_USE_DM_PORT ==> 1
MIG: 17:41:33 : 
MIG: 17:41:33 :  Valid Param: DDR3_USE_ODT_PORT ==> 1
MIG: 17:41:33 :  Invalid Param: DDR3_IS_CLK_SHARED ==> "FALSE"
MIG: 17:41:33 :  Invalid Param: DDR3_PHY_CONTROL_MASTER_BANK ==> 1
MIG: 17:41:33 :  Invalid Param: DDR3_MEM_DENSITY ==> "1Gb"
MIG: 17:41:33 :  Invalid Param: DDR3_MEM_SPEEDGRADE ==> "125"
MIG: 17:41:33 :  Invalid Param: DDR3_MEM_DEVICE_WIDTH ==> 8
MIG: 17:41:33 :  Invalid Param: DDR3_AL ==> "0"
MIG: 17:41:33 :  Invalid Param: DDR3_nAL ==> 0
MIG: 17:41:33 :  Invalid Param: DDR3_BURST_MODE ==> "8"
MIG: 17:41:33 :  Invalid Param: DDR3_BURST_TYPE ==> "SEQ"
MIG: 17:41:33 :  Invalid Param: DDR3_CL ==> 11
MIG: 17:41:33 :  Invalid Param: DDR3_CWL ==> 8
MIG: 17:41:33 :  Invalid Param: DDR3_OUTPUT_DRV ==> "HIGH"
MIG: 17:41:33 :  Invalid Param: DDR3_RTT_NOM ==> "40"
MIG: 17:41:33 :  Invalid Param: DDR3_RTT_WR ==> "OFF"
MIG: 17:41:33 :  Invalid Param: DDR3_ADDR_CMD_MODE ==> "1T"
MIG: 17:41:33 : 
MIG: 17:41:33 :  Valid Param: DDR3_REG_CTRL ==> OFF
MIG: 17:41:33 :  Invalid Param: DDR3_CA_MIRROR ==> "OFF"
MIG: 17:41:33 :  Invalid Param: DDR3_VDD_OP_VOLT ==> "150"
MIG: 17:41:33 :  Invalid Param: DDR3_CLKIN_PERIOD ==> 5000
MIG: 17:41:33 :  Invalid Param: DDR3_CLKFBOUT_MULT ==> 8
MIG: 17:41:33 :  Invalid Param: DDR3_DIVCLK_DIVIDE ==> 1
MIG: 17:41:33 :  Invalid Param: DDR3_CLKOUT0_PHASE ==> 337.5
MIG: 17:41:33 :  Invalid Param: DDR3_CLKOUT0_DIVIDE ==> 2
MIG: 17:41:33 :  Invalid Param: DDR3_CLKOUT1_DIVIDE ==> 2
MIG: 17:41:33 :  Invalid Param: DDR3_CLKOUT2_DIVIDE ==> 32
MIG: 17:41:33 :  Invalid Param: DDR3_CLKOUT3_DIVIDE ==> 8
MIG: 17:41:33 :  Invalid Param: DDR3_MMCM_VCO ==> 800
MIG: 17:41:33 :  Invalid Param: DDR3_MMCM_MULT_F ==> 4
MIG: 17:41:33 :  Invalid Param: DDR3_MMCM_DIVCLK_DIVIDE ==> 1
MIG: 17:41:33 :  Invalid Param: DDR3_tCKE ==> 5000
MIG: 17:41:33 :  Invalid Param: DDR3_tFAW ==> 30000
MIG: 17:41:33 :  Invalid Param: DDR3_tPRDI ==> 1_000_000
MIG: 17:41:33 :  Invalid Param: DDR3_tRAS ==> 35000
MIG: 17:41:33 :  Invalid Param: DDR3_tRCD ==> 13750
MIG: 17:41:33 :  Invalid Param: DDR3_tREFI ==> 7800000
MIG: 17:41:33 :  Invalid Param: DDR3_tRFC ==> 110000
MIG: 17:41:33 :  Invalid Param: DDR3_tRP ==> 13750
MIG: 17:41:33 :  Invalid Param: DDR3_tRRD ==> 6000
MIG: 17:41:33 :  Invalid Param: DDR3_tRTP ==> 7500
MIG: 17:41:33 :  Invalid Param: DDR3_tWTR ==> 7500
MIG: 17:41:33 :  Invalid Param: DDR3_tZQI ==> 128_000_000
MIG: 17:41:33 :  Invalid Param: DDR3_tZQCS ==> 64
MIG: 17:41:33 :  Invalid Param: DDR3_SIM_BYPASS_INIT_CAL ==> "OFF"
MIG: 17:41:33 :  Invalid Param: DDR3_SIMULATION ==> "FALSE"
MIG: 17:41:33 :  Invalid Param: DDR3_BYTE_LANES_B0 ==> 4'b1111
MIG: 17:41:33 :  Invalid Param: DDR3_BYTE_LANES_B1 ==> 4'b0111
MIG: 17:41:33 :  Invalid Param: DDR3_BYTE_LANES_B2 ==> 4'b1111
MIG: 17:41:33 :  Invalid Param: DDR3_BYTE_LANES_B3 ==> 4'b0000
MIG: 17:41:33 :  Invalid Param: DDR3_BYTE_LANES_B4 ==> 4'b0000
MIG: 17:41:33 :  Invalid Param: DDR3_DATA_CTL_B0 ==> 4'b1111
MIG: 17:41:33 :  Invalid Param: DDR3_DATA_CTL_B1 ==> 4'b0000
MIG: 17:41:33 :  Invalid Param: DDR3_DATA_CTL_B2 ==> 4'b1111
MIG: 17:41:33 :  Invalid Param: DDR3_DATA_CTL_B3 ==> 4'b0000
MIG: 17:41:33 :  Invalid Param: DDR3_DATA_CTL_B4 ==> 4'b0000
MIG: 17:41:33 :  Invalid Param: DDR3_PHY_0_BITLANES ==> 48'h3FE_3FE_3FE_2FF
MIG: 17:41:33 :  Invalid Param: DDR3_PHY_1_BITLANES ==> 48'h000_CB0_473_FFF
MIG: 17:41:33 :  Invalid Param: DDR3_PHY_2_BITLANES ==> 48'h3FE_3FE_3FE_2FF
MIG: 17:41:33 :  Invalid Param: DDR3_CK_BYTE_MAP ==> 144'h00_00_00_00_00_00_00_00_00_00_00_00_00_00_00_00_00_11
MIG: 17:41:33 :  Invalid Param: DDR3_ADDR_MAP ==> 192'h000_000_111_110_109_108_107_106_10B_10A_105_104_103_102_101_100
MIG: 17:41:33 :  Invalid Param: DDR3_BANK_MAP ==> 36'h11A_115_114
MIG: 17:41:33 :  Invalid Param: DDR3_CAS_MAP ==> 12'h12A
MIG: 17:41:33 :  Invalid Param: DDR3_CKE_ODT_BYTE_MAP ==> 8'h00
MIG: 17:41:33 :  Invalid Param: DDR3_CKE_MAP ==> 96'h000_000_000_000_000_000_000_116
MIG: 17:41:33 :  Invalid Param: DDR3_ODT_MAP ==> 96'h000_000_000_000_000_000_000_127
MIG: 17:41:33 :  Invalid Param: DDR3_CS_MAP ==> 120'h000_000_000_000_000_000_000_000_000_12B
MIG: 17:41:33 :  Invalid Param: DDR3_PARITY_MAP ==> 12'h000
MIG: 17:41:33 :  Invalid Param: DDR3_RAS_MAP ==> 12'h125
MIG: 17:41:33 :  Invalid Param: DDR3_WE_MAP ==> 12'h124
MIG: 17:41:33 :  Invalid Param: DDR3_DQS_BYTE_MAP ==> 144'h00_00_00_00_00_00_00_00_00_00_03_02_01_00_23_22_21_20
MIG: 17:41:33 :  Invalid Param: DDR3_DATA0_MAP ==> 96'h200_209_206_203_204_205_202_207
MIG: 17:41:33 :  Invalid Param: DDR3_DATA1_MAP ==> 96'h219_218_214_215_217_212_216_213
MIG: 17:41:33 :  Invalid Param: DDR3_DATA2_MAP ==> 96'h225_224_229_226_223_222_228_227
MIG: 17:41:33 :  Invalid Param: DDR3_DATA3_MAP ==> 96'h238_236_234_233_235_237_232_239
MIG: 17:41:33 :  Invalid Param: DDR3_DATA4_MAP ==> 96'h005_003_000_009_007_006_004_002
MIG: 17:41:33 :  Invalid Param: DDR3_DATA5_MAP ==> 96'h013_012_018_019_015_014_017_016
MIG: 17:41:33 :  Invalid Param: DDR3_DATA6_MAP ==> 96'h023_027_022_029_024_025_028_026
MIG: 17:41:33 :  Invalid Param: DDR3_DATA7_MAP ==> 96'h039_037_033_032_035_034_038_036
MIG: 17:41:33 :  Invalid Param: DDR3_DATA8_MAP ==> 96'h000_000_000_000_000_000_000_000
MIG: 17:41:33 :  Invalid Param: DDR3_DATA9_MAP ==> 96'h000_000_000_000_000_000_000_000
MIG: 17:41:33 :  Invalid Param: DDR3_DATA10_MAP ==> 96'h000_000_000_000_000_000_000_000
MIG: 17:41:33 :  Invalid Param: DDR3_DATA11_MAP ==> 96'h000_000_000_000_000_000_000_000
MIG: 17:41:33 :  Invalid Param: DDR3_DATA12_MAP ==> 96'h000_000_000_000_000_000_000_000
MIG: 17:41:33 :  Invalid Param: DDR3_DATA13_MAP ==> 96'h000_000_000_000_000_000_000_000
MIG: 17:41:33 :  Invalid Param: DDR3_DATA14_MAP ==> 96'h000_000_000_000_000_000_000_000
MIG: 17:41:33 :  Invalid Param: DDR3_DATA15_MAP ==> 96'h000_000_000_000_000_000_000_000
MIG: 17:41:33 :  Invalid Param: DDR3_DATA16_MAP ==> 96'h000_000_000_000_000_000_000_000
MIG: 17:41:33 :  Invalid Param: DDR3_DATA17_MAP ==> 96'h000_000_000_000_000_000_000_000
MIG: 17:41:33 :  Invalid Param: DDR3_MASK0_MAP ==> 108'h000_031_021_011_001_231_221_211_201
MIG: 17:41:33 :  Invalid Param: DDR3_MASK1_MAP ==> 108'h000_000_000_000_000_000_000_000_000
MIG: 17:41:33 :  Invalid Param: DDR3_SLOT_0_CONFIG ==> 8'b0000_0001
MIG: 17:41:33 :  Invalid Param: DDR3_SLOT_1_CONFIG ==> 8'b0000_0000
MIG: 17:41:33 :  Invalid Param: DDR3_IBUF_LPWR_MODE ==> "OFF"
MIG: 17:41:33 :  Invalid Param: DDR3_DATA_IO_IDLE_PWRDWN ==> "ON"
MIG: 17:41:33 :  Invalid Param: DDR3_BANK_TYPE ==> "HP_IO"
MIG: 17:41:33 :  Invalid Param: DDR3_DATA_IO_PRIM_TYPE ==> "HP_LP"
MIG: 17:41:33 :  Invalid Param: DDR3_CKE_ODT_AUX ==> "FALSE"
MIG: 17:41:33 :  Invalid Param: DDR3_USER_REFRESH ==> "OFF"
MIG: 17:41:33 :  Invalid Param: DDR3_WRLVL ==> "ON"
MIG: 17:41:33 :  Invalid Param: DDR3_ORDERING ==> "NORM"
MIG: 17:41:33 :  Invalid Param: DDR3_CALIB_ROW_ADD ==> 16'h0000
MIG: 17:41:33 :  Invalid Param: DDR3_CALIB_COL_ADD ==> 12'h000
MIG: 17:41:33 :  Invalid Param: DDR3_CALIB_BA_ADD ==> 3'h0
MIG: 17:41:33 :  Invalid Param: DDR3_TCQ ==> 100
MIG: 17:41:33 :  Invalid Param: DDR3_IDELAY_ADJ ==> "ON"
MIG: 17:41:33 :  Invalid Param: DDR3_FINE_PER_BIT ==> "ON"
MIG: 17:41:33 :  Invalid Param: DDR3_CENTER_COMP_MODE ==> "ON"
MIG: 17:41:33 :  Invalid Param: DDR3_PI_VAL_ADJ ==> "ON"
MIG: 17:41:33 :  Invalid Param: DDR3_IODELAY_GRP0 ==> "MIG_7SERIES_0_IODELAY_MIG0"
MIG: 17:41:33 :  Invalid Param: DDR3_IODELAY_GRP1 ==> "MIG_7SERIES_0_IODELAY_MIG1"
MIG: 17:41:33 :  Invalid Param: DDR3_SYSCLK_TYPE ==> "DIFFERENTIAL"
MIG: 17:41:33 :  Invalid Param: DDR3_REFCLK_TYPE ==> "USE_SYSTEM_CLOCK"
MIG: 17:41:33 :  Invalid Param: DDR3_SYS_RST_PORT ==> "FALSE"
MIG: 17:41:33 :  Invalid Param: DDR3_FPGA_SPEED_GRADE ==> 2
MIG: 17:41:33 :  Invalid Param: DDR3_CMD_PIPE_PLUS1 ==> "ON"
MIG: 17:41:33 :  Invalid Param: DDR3_DRAM_TYPE ==> "DDR3"
MIG: 17:41:33 :  Invalid Param: DDR3_CAL_WIDTH ==> "HALF"
MIG: 17:41:33 :  Invalid Param: DDR3_STARVE_LIMIT ==> 2
MIG: 17:41:33 :  Invalid Param: DDR3_REF_CLK_MMCM_IODELAY_CTRL ==> "TRUE"
MIG: 17:41:33 :  Invalid Param: DDR3_REFCLK_FREQ ==> 200.0
MIG: 17:41:33 :  Invalid Param: DDR3_DIFF_TERM_REFCLK ==> "TRUE"
MIG: 17:41:33 :  Invalid Param: DDR3_tCK ==> 1250
MIG: 17:41:33 : 
MIG: 17:41:33 :  Valid Param: DDR3_nCK_PER_CLK ==> 4
MIG: 17:41:33 :  Invalid Param: DDR3_DIFF_TERM_SYSCLK ==> "FALSE"
MIG: 17:41:33 : 
MIG: 17:41:33 :  Valid Param: DDR3_DEBUG_PORT ==> OFF
MIG: 17:41:33 : 
MIG: 17:41:33 :  Invalid Param: DDR3_TEMP_MON_CONTROL ==> "EXTERNAL"
MIG: 17:41:33 :  Invalid Param: DDR3_FPGA_VOLT_TYPE ==> "N"
MIG: 17:41:33 :  Invalid Param: DDR3_RST_ACT_LOW ==> 0
MIG: 17:41:33 : 
MIG: 17:41:33 : 
MIG: 17:41:33 : 
MIG: 17:41:33 : Same Interface
MIG: 17:41:42 : Running synthesis.xit
MIG: 17:41:42 : IGN:     <ModuleName>mig_7series_0</ModuleName> <==>     <ModuleName>mig_7series_0</ModuleName> 
MIG: 17:41:42 : IGN:         <InputClkFreq>200</InputClkFreq> <==>         <InputClkFreq>200</InputClkFreq> 
MIG: 17:41:42 : Running vlog_synth_rpr.xit
MIG: 17:41:42 : IGN:     <ModuleName>mig_7series_0</ModuleName> <==>     <ModuleName>mig_7series_0</ModuleName> 
MIG: 17:41:42 : IGN:         <InputClkFreq>200</InputClkFreq> <==>         <InputClkFreq>200</InputClkFreq> 
MIG: 17:41:43 : Running simulation.xit
MIG: 17:41:43 : IGN:     <ModuleName>mig_7series_0</ModuleName> <==>     <ModuleName>mig_7series_0</ModuleName> 
MIG: 17:41:43 : IGN:         <InputClkFreq>200</InputClkFreq> <==>         <InputClkFreq>200</InputClkFreq> 
MIG: 17:41:43 : Running vlog_sim_rpr.xit .. PRASAD DBG1
MIG: 17:41:43 : IGN:     <ModuleName>mig_7series_0</ModuleName> <==>     <ModuleName>mig_7series_0</ModuleName> 
MIG: 17:41:43 : IGN:         <InputClkFreq>200</InputClkFreq> <==>         <InputClkFreq>200</InputClkFreq> 
MIG: 17:41:43 : Running implementation.xit
MIG: 17:41:43 : IGN:     <ModuleName>mig_7series_0</ModuleName> <==>     <ModuleName>mig_7series_0</ModuleName> 
MIG: 17:41:43 : IGN:         <InputClkFreq>200</InputClkFreq> <==>         <InputClkFreq>200</InputClkFreq> 
MIG: 17:51:45 : xml_input_file: mig_a.prj
MIG: 17:51:45 : Absolute path of xml_input_file: /home/kamran/MTP_PRO/kc705/ip/mig_7series_0/mig_a.prj
MIG: 17:51:45 : xml_input_file: mig_a.prj
MIG: 17:51:45 : Absolute path of xml_input_file: /home/kamran/MTP_PRO/kc705/ip/mig_7series_0/mig_a.prj
MIG: 17:51:45 : Running customizer.xit
MIG: 17:51:45 : ################# RUNNING MIG INTERACTIVE ###################
MIG: 17:51:45 : Writing IN file for 'mig_7series_0'...compDirPath: /home/kamran/my_xil_dir/Vivado/2017.1/data/ip/xilinx/mig_7series_v4_0... instDirPath: /home/kamran/MTP_PRO/kc705/vivado_synth/.Xil/Vivado-16512-ajit7/coregen/mig_7series_0
MIG: 17:51:45 : synp_flow:  -- synthesis_mode: Other
MIG: 17:51:45 : outputDirectory: /home/kamran/MTP_PRO/kc705/vivado_synth/.Xil/Vivado-16512-ajit7/coregen/mig_7series_0/_tmp/
MIG: 17:51:45 : vivado_mode: xpg_pa
MIG: 17:51:45 :  locked false  
MIG: 17:51:45 : HDL Language: Verilog
MIG: 17:51:45 : compInfo: false
MIG: 17:51:45 : Vivado Options xc7k325t ffg900 -2
MIG: 17:51:45 : 1: xc7k325t 2: ffg900 3: -2
MIG: 17:51:45 : relative mig path: coregen/ip/xilinx/other/com/xilinx/ip/mig_7series_v4_0/bin/lin64/mig
MIG: 17:51:45 : xilinx_path: /home/kamran/my_xil_dir/Vivado/2017.1/ids_lite/ISE
MIG: 17:51:45 : I am in catch area
MIG: 17:51:45 : Running /home/kamran/my_xil_dir/Vivado/2017.1/ids_lite/ISE/coregen/ip/xilinx/other/com/xilinx/ip/mig_7series_v4_0/bin/lin64/mig -cg_exc_inp /home/kamran/MTP_PRO/kc705/vivado_synth/.Xil/Vivado-16512-ajit7/coregen/mig_7series_0/xil_txt.in -cg_exc_out /home/kamran/MTP_PRO/kc705/vivado_synth/.Xil/Vivado-16512-ajit7/coregen/mig_7series_0/xil_txt.out ... 
MIG: 17:56:20 : Prasad before: xmlPropertyPrj -- mig_a.prj
MIG: 17:56:20 : Prasad After: xmlPropertyPrj -- mig_b.prj
MIG: 17:56:20 : XML_INPUT_FILE: /home/kamran/MTP_PRO/kc705/vivado_synth/.Xil/Vivado-16512-ajit7/coregen/mig_7series_0/mig_b.prj
MIG: 17:56:20 : Component_Name: mig_7series_0
MIG: 17:56:20 : Moving mig_7series_0.veo ...
MIG: 17:56:20 : Moving mig_7series_0_xmdf.tcl ...
MIG: 17:56:20 : Moving mig_7series_0 ...
MIG: 17:56:20 : Sending back 0
MIG: 17:56:20 : xml_input_file: mig_b.prj
MIG: 17:56:20 : Absolute path of xml_input_file: /home/kamran/MTP_PRO/kc705/ip/mig_7series_0/mig_b.prj
MIG: 17:56:20 : xml_input_file: mig_b.prj
MIG: 17:56:20 : Absolute path of xml_input_file: /home/kamran/MTP_PRO/kc705/ip/mig_7series_0/mig_b.prj
MIG: 17:56:20 : In updateAllModelParams
MIG: 17:56:20 : IGN:     <ModuleName>mig_7series_0</ModuleName> <==>     <ModuleName>mig_7series_0</ModuleName> 
MIG: 17:56:20 : IGN:         <InputClkFreq>320</InputClkFreq> <==>         <InputClkFreq>320</InputClkFreq> 
MIG: 17:56:20 : XGUI hdlLanguage: Verilog
MIG: 17:56:20 : xgui vivado_mode: xpg_pa
MIG: 17:56:20 : xgui hdlLanguage: Verilog -- hdlExt: v
MIG: 17:56:20 : Reading /home/kamran/MTP_PRO/kc705/ip/mig_7series_0/mig_7series_0/user_design/rtl/mig_7series_0_mig.v ...
MIG: 17:56:21 : 
MIG: 17:56:21 : Inside fn mem: DDR3
MIG: 17:56:21 : detect_uiclk: 80000000
MIG: 17:56:21 : cntrl:  memtype: DDR3
MIG: 17:56:21 : 640
MIG: 17:56:21 :  MMCM_VCO single ctrl param_name: MMCM_VCO --  possibleMaxVcoVal: 640 
MIG: 17:56:21 : 
MIG: 17:56:21 : 
MIG: 17:56:21 : 80000000
MIG: 17:56:21 : 
MIG: 17:56:21 :  polarity_value: 0
MIG: 17:56:21 : 
MIG: 17:56:21 : 
MIG: 17:56:21 : cntrl:  memtype: DDR3
MIG: 17:56:21 : 
MIG: 17:56:21 :  Valid Param: DDR3_BANK_WIDTH ==> 3
MIG: 17:56:21 : 
MIG: 17:56:21 :  Valid Param: DDR3_CK_WIDTH ==> 1
MIG: 17:56:21 :  Invalid Param: DDR3_COL_WIDTH ==> 10
MIG: 17:56:21 : 
MIG: 17:56:21 :  Valid Param: DDR3_CS_WIDTH ==> 1
MIG: 17:56:21 : 
MIG: 17:56:21 :  Valid Param: DDR3_nCS_PER_RANK ==> 1
MIG: 17:56:21 : 
MIG: 17:56:21 :  Valid Param: DDR3_CKE_WIDTH ==> 1
MIG: 17:56:21 :  Invalid Param: DDR3_DATA_BUF_ADDR_WIDTH ==> 5
MIG: 17:56:21 :  Invalid Param: DDR3_DQ_CNT_WIDTH ==> 6
MIG: 17:56:21 :  Invalid Param: DDR3_DQ_PER_DM ==> 8
MIG: 17:56:21 : 
MIG: 17:56:21 :  Valid Param: DDR3_DM_WIDTH ==> 8
MIG: 17:56:21 : 
MIG: 17:56:21 :  Valid Param: DDR3_DQ_WIDTH ==> 64
MIG: 17:56:21 : 
MIG: 17:56:21 :  Valid Param: DDR3_DQS_WIDTH ==> 8
MIG: 17:56:21 : 
MIG: 17:56:21 :  Valid Param: DDR3_DQS_CNT_WIDTH ==> 3
MIG: 17:56:21 :  Invalid Param: DDR3_DRAM_WIDTH ==> 8
MIG: 17:56:21 : 
MIG: 17:56:21 :  Valid Param: ECC ==> OFF
MIG: 17:56:21 : 
MIG: 17:56:21 :  Valid Param: DDR3_DATA_WIDTH ==> 64
MIG: 17:56:21 :  Invalid Param: ECC_TEST ==> "OFF"
MIG: 17:56:21 :  Invalid Param: DDR3_PAYLOAD_WIDTH ==> (ECC_TEST == "OFF") ? DATA_WIDTH : DQ_WIDTH
MIG: 17:56:21 :  Invalid Param: DDR3_MEM_ADDR_ORDER ==> "BANK_ROW_COLUMN"
MIG: 17:56:21 :  Invalid Param: DDR3_nBANK_MACHS ==> 4
MIG: 17:56:21 :  Invalid Param: DDR3_RANKS ==> 1
MIG: 17:56:21 : 
MIG: 17:56:21 :  Valid Param: DDR3_ODT_WIDTH ==> 1
MIG: 17:56:21 : 
MIG: 17:56:21 :  Valid Param: DDR3_ROW_WIDTH ==> 14
MIG: 17:56:21 : 
MIG: 17:56:21 :  Valid Param: DDR3_ADDR_WIDTH ==> 28
MIG: 17:56:21 : 
MIG: 17:56:21 :  Valid Param: DDR3_USE_CS_PORT ==> 1
MIG: 17:56:21 : 
MIG: 17:56:21 :  Valid Param: DDR3_USE_DM_PORT ==> 1
MIG: 17:56:21 : 
MIG: 17:56:21 :  Valid Param: DDR3_USE_ODT_PORT ==> 1
MIG: 17:56:21 :  Invalid Param: DDR3_IS_CLK_SHARED ==> "FALSE"
MIG: 17:56:21 :  Invalid Param: DDR3_PHY_CONTROL_MASTER_BANK ==> 1
MIG: 17:56:21 :  Invalid Param: DDR3_MEM_DENSITY ==> "1Gb"
MIG: 17:56:21 :  Invalid Param: DDR3_MEM_SPEEDGRADE ==> "125"
MIG: 17:56:21 :  Invalid Param: DDR3_MEM_DEVICE_WIDTH ==> 8
MIG: 17:56:21 :  Invalid Param: DDR3_AL ==> "0"
MIG: 17:56:21 :  Invalid Param: DDR3_nAL ==> 0
MIG: 17:56:21 :  Invalid Param: DDR3_BURST_MODE ==> "8"
MIG: 17:56:21 :  Invalid Param: DDR3_BURST_TYPE ==> "SEQ"
MIG: 17:56:21 :  Invalid Param: DDR3_CL ==> 5
MIG: 17:56:21 :  Invalid Param: DDR3_CWL ==> 5
MIG: 17:56:21 :  Invalid Param: DDR3_OUTPUT_DRV ==> "HIGH"
MIG: 17:56:21 :  Invalid Param: DDR3_RTT_NOM ==> "40"
MIG: 17:56:21 :  Invalid Param: DDR3_RTT_WR ==> "OFF"
MIG: 17:56:21 :  Invalid Param: DDR3_ADDR_CMD_MODE ==> "1T"
MIG: 17:56:21 : 
MIG: 17:56:21 :  Valid Param: DDR3_REG_CTRL ==> OFF
MIG: 17:56:21 :  Invalid Param: DDR3_CA_MIRROR ==> "OFF"
MIG: 17:56:21 :  Invalid Param: DDR3_VDD_OP_VOLT ==> "150"
MIG: 17:56:21 :  Invalid Param: DDR3_CLKIN_PERIOD ==> 3125
MIG: 17:56:21 :  Invalid Param: DDR3_CLKFBOUT_MULT ==> 4
MIG: 17:56:21 :  Invalid Param: DDR3_DIVCLK_DIVIDE ==> 1
MIG: 17:56:21 :  Invalid Param: DDR3_CLKOUT0_PHASE ==> 315.0
MIG: 17:56:21 :  Invalid Param: DDR3_CLKOUT0_DIVIDE ==> 2
MIG: 17:56:21 :  Invalid Param: DDR3_CLKOUT1_DIVIDE ==> 4
MIG: 17:56:21 :  Invalid Param: DDR3_CLKOUT2_DIVIDE ==> 64
MIG: 17:56:21 :  Invalid Param: DDR3_CLKOUT3_DIVIDE ==> 16
MIG: 17:56:21 :  Invalid Param: DDR3_MMCM_VCO ==> 640
MIG: 17:56:21 :  Invalid Param: DDR3_MMCM_MULT_F ==> 8
MIG: 17:56:21 :  Invalid Param: DDR3_MMCM_DIVCLK_DIVIDE ==> 1
MIG: 17:56:21 :  Invalid Param: DDR3_tCKE ==> 5000
MIG: 17:56:21 :  Invalid Param: DDR3_tFAW ==> 30000
MIG: 17:56:21 :  Invalid Param: DDR3_tPRDI ==> 1_000_000
MIG: 17:56:21 :  Invalid Param: DDR3_tRAS ==> 35000
MIG: 17:56:21 :  Invalid Param: DDR3_tRCD ==> 13750
MIG: 17:56:21 :  Invalid Param: DDR3_tREFI ==> 7800000
MIG: 17:56:21 :  Invalid Param: DDR3_tRFC ==> 110000
MIG: 17:56:21 :  Invalid Param: DDR3_tRP ==> 13750
MIG: 17:56:21 :  Invalid Param: DDR3_tRRD ==> 6000
MIG: 17:56:21 :  Invalid Param: DDR3_tRTP ==> 7500
MIG: 17:56:21 :  Invalid Param: DDR3_tWTR ==> 7500
MIG: 17:56:21 :  Invalid Param: DDR3_tZQI ==> 128_000_000
MIG: 17:56:21 :  Invalid Param: DDR3_tZQCS ==> 64
MIG: 17:56:21 :  Invalid Param: DDR3_SIM_BYPASS_INIT_CAL ==> "OFF"
MIG: 17:56:21 :  Invalid Param: DDR3_SIMULATION ==> "FALSE"
MIG: 17:56:21 :  Invalid Param: DDR3_BYTE_LANES_B0 ==> 4'b1111
MIG: 17:56:21 :  Invalid Param: DDR3_BYTE_LANES_B1 ==> 4'b0111
MIG: 17:56:21 :  Invalid Param: DDR3_BYTE_LANES_B2 ==> 4'b1111
MIG: 17:56:21 :  Invalid Param: DDR3_BYTE_LANES_B3 ==> 4'b0000
MIG: 17:56:21 :  Invalid Param: DDR3_BYTE_LANES_B4 ==> 4'b0000
MIG: 17:56:21 :  Invalid Param: DDR3_DATA_CTL_B0 ==> 4'b1111
MIG: 17:56:21 :  Invalid Param: DDR3_DATA_CTL_B1 ==> 4'b0000
MIG: 17:56:21 :  Invalid Param: DDR3_DATA_CTL_B2 ==> 4'b1111
MIG: 17:56:21 :  Invalid Param: DDR3_DATA_CTL_B3 ==> 4'b0000
MIG: 17:56:21 :  Invalid Param: DDR3_DATA_CTL_B4 ==> 4'b0000
MIG: 17:56:21 :  Invalid Param: DDR3_PHY_0_BITLANES ==> 48'h3FE_3FE_3FE_2FF
MIG: 17:56:21 :  Invalid Param: DDR3_PHY_1_BITLANES ==> 48'h000_CB0_473_FFF
MIG: 17:56:21 :  Invalid Param: DDR3_PHY_2_BITLANES ==> 48'h3FE_3FE_3FE_2FF
MIG: 17:56:21 :  Invalid Param: DDR3_CK_BYTE_MAP ==> 144'h00_00_00_00_00_00_00_00_00_00_00_00_00_00_00_00_00_11
MIG: 17:56:21 :  Invalid Param: DDR3_ADDR_MAP ==> 192'h000_000_111_110_109_108_107_106_10B_10A_105_104_103_102_101_100
MIG: 17:56:21 :  Invalid Param: DDR3_BANK_MAP ==> 36'h11A_115_114
MIG: 17:56:21 :  Invalid Param: DDR3_CAS_MAP ==> 12'h12A
MIG: 17:56:21 :  Invalid Param: DDR3_CKE_ODT_BYTE_MAP ==> 8'h00
MIG: 17:56:21 :  Invalid Param: DDR3_CKE_MAP ==> 96'h000_000_000_000_000_000_000_116
MIG: 17:56:21 :  Invalid Param: DDR3_ODT_MAP ==> 96'h000_000_000_000_000_000_000_127
MIG: 17:56:21 :  Invalid Param: DDR3_CS_MAP ==> 120'h000_000_000_000_000_000_000_000_000_12B
MIG: 17:56:21 :  Invalid Param: DDR3_PARITY_MAP ==> 12'h000
MIG: 17:56:21 :  Invalid Param: DDR3_RAS_MAP ==> 12'h125
MIG: 17:56:21 :  Invalid Param: DDR3_WE_MAP ==> 12'h124
MIG: 17:56:21 :  Invalid Param: DDR3_DQS_BYTE_MAP ==> 144'h00_00_00_00_00_00_00_00_00_00_03_02_01_00_23_22_21_20
MIG: 17:56:21 :  Invalid Param: DDR3_DATA0_MAP ==> 96'h200_209_206_203_204_205_202_207
MIG: 17:56:21 :  Invalid Param: DDR3_DATA1_MAP ==> 96'h219_218_214_215_217_212_216_213
MIG: 17:56:21 :  Invalid Param: DDR3_DATA2_MAP ==> 96'h225_224_229_226_223_222_228_227
MIG: 17:56:21 :  Invalid Param: DDR3_DATA3_MAP ==> 96'h238_236_234_233_235_237_232_239
MIG: 17:56:21 :  Invalid Param: DDR3_DATA4_MAP ==> 96'h005_003_000_009_007_006_004_002
MIG: 17:56:21 :  Invalid Param: DDR3_DATA5_MAP ==> 96'h013_012_018_019_015_014_017_016
MIG: 17:56:21 :  Invalid Param: DDR3_DATA6_MAP ==> 96'h023_027_022_029_024_025_028_026
MIG: 17:56:21 :  Invalid Param: DDR3_DATA7_MAP ==> 96'h039_037_033_032_035_034_038_036
MIG: 17:56:21 :  Invalid Param: DDR3_DATA8_MAP ==> 96'h000_000_000_000_000_000_000_000
MIG: 17:56:21 :  Invalid Param: DDR3_DATA9_MAP ==> 96'h000_000_000_000_000_000_000_000
MIG: 17:56:21 :  Invalid Param: DDR3_DATA10_MAP ==> 96'h000_000_000_000_000_000_000_000
MIG: 17:56:21 :  Invalid Param: DDR3_DATA11_MAP ==> 96'h000_000_000_000_000_000_000_000
MIG: 17:56:21 :  Invalid Param: DDR3_DATA12_MAP ==> 96'h000_000_000_000_000_000_000_000
MIG: 17:56:21 :  Invalid Param: DDR3_DATA13_MAP ==> 96'h000_000_000_000_000_000_000_000
MIG: 17:56:21 :  Invalid Param: DDR3_DATA14_MAP ==> 96'h000_000_000_000_000_000_000_000
MIG: 17:56:21 :  Invalid Param: DDR3_DATA15_MAP ==> 96'h000_000_000_000_000_000_000_000
MIG: 17:56:21 :  Invalid Param: DDR3_DATA16_MAP ==> 96'h000_000_000_000_000_000_000_000
MIG: 17:56:21 :  Invalid Param: DDR3_DATA17_MAP ==> 96'h000_000_000_000_000_000_000_000
MIG: 17:56:21 :  Invalid Param: DDR3_MASK0_MAP ==> 108'h000_031_021_011_001_231_221_211_201
MIG: 17:56:21 :  Invalid Param: DDR3_MASK1_MAP ==> 108'h000_000_000_000_000_000_000_000_000
MIG: 17:56:21 :  Invalid Param: DDR3_SLOT_0_CONFIG ==> 8'b0000_0001
MIG: 17:56:21 :  Invalid Param: DDR3_SLOT_1_CONFIG ==> 8'b0000_0000
MIG: 17:56:21 :  Invalid Param: DDR3_IBUF_LPWR_MODE ==> "OFF"
MIG: 17:56:21 :  Invalid Param: DDR3_DATA_IO_IDLE_PWRDWN ==> "ON"
MIG: 17:56:21 :  Invalid Param: DDR3_BANK_TYPE ==> "HP_IO"
MIG: 17:56:21 :  Invalid Param: DDR3_DATA_IO_PRIM_TYPE ==> "HP_LP"
MIG: 17:56:21 :  Invalid Param: DDR3_CKE_ODT_AUX ==> "FALSE"
MIG: 17:56:21 :  Invalid Param: DDR3_USER_REFRESH ==> "OFF"
MIG: 17:56:21 :  Invalid Param: DDR3_WRLVL ==> "ON"
MIG: 17:56:21 :  Invalid Param: DDR3_ORDERING ==> "NORM"
MIG: 17:56:21 :  Invalid Param: DDR3_CALIB_ROW_ADD ==> 16'h0000
MIG: 17:56:21 :  Invalid Param: DDR3_CALIB_COL_ADD ==> 12'h000
MIG: 17:56:21 :  Invalid Param: DDR3_CALIB_BA_ADD ==> 3'h0
MIG: 17:56:21 :  Invalid Param: DDR3_TCQ ==> 100
MIG: 17:56:21 :  Invalid Param: DDR3_IDELAY_ADJ ==> "OFF"
MIG: 17:56:21 :  Invalid Param: DDR3_FINE_PER_BIT ==> "OFF"
MIG: 17:56:21 :  Invalid Param: DDR3_CENTER_COMP_MODE ==> "OFF"
MIG: 17:56:21 :  Invalid Param: DDR3_PI_VAL_ADJ ==> "OFF"
MIG: 17:56:21 :  Invalid Param: DDR3_IODELAY_GRP0 ==> "MIG_7SERIES_0_IODELAY_MIG0"
MIG: 17:56:21 :  Invalid Param: DDR3_IODELAY_GRP1 ==> "MIG_7SERIES_0_IODELAY_MIG1"
MIG: 17:56:21 :  Invalid Param: DDR3_SYSCLK_TYPE ==> "NO_BUFFER"
MIG: 17:56:21 :  Invalid Param: DDR3_REFCLK_TYPE ==> "NO_BUFFER"
MIG: 17:56:21 :  Invalid Param: DDR3_SYS_RST_PORT ==> "FALSE"
MIG: 17:56:21 :  Invalid Param: DDR3_FPGA_SPEED_GRADE ==> 2
MIG: 17:56:21 :  Invalid Param: DDR3_CMD_PIPE_PLUS1 ==> "ON"
MIG: 17:56:21 :  Invalid Param: DDR3_DRAM_TYPE ==> "DDR3"
MIG: 17:56:21 :  Invalid Param: DDR3_CAL_WIDTH ==> "HALF"
MIG: 17:56:21 :  Invalid Param: DDR3_STARVE_LIMIT ==> 2
MIG: 17:56:21 :  Invalid Param: DDR3_REF_CLK_MMCM_IODELAY_CTRL ==> "FALSE"
MIG: 17:56:21 :  Invalid Param: DDR3_REFCLK_FREQ ==> 200.0
MIG: 17:56:21 :  Invalid Param: DDR3_DIFF_TERM_REFCLK ==> "TRUE"
MIG: 17:56:21 :  Invalid Param: DDR3_tCK ==> 3125
MIG: 17:56:21 : 
MIG: 17:56:21 :  Valid Param: DDR3_nCK_PER_CLK ==> 4
MIG: 17:56:21 :  Invalid Param: DDR3_DIFF_TERM_SYSCLK ==> "TRUE"
MIG: 17:56:21 : 
MIG: 17:56:21 :  Valid Param: DDR3_DEBUG_PORT ==> OFF
MIG: 17:56:21 : 
MIG: 17:56:21 :  Invalid Param: DDR3_TEMP_MON_CONTROL ==> "EXTERNAL"
MIG: 17:56:21 :  Invalid Param: DDR3_FPGA_VOLT_TYPE ==> "N"
MIG: 17:56:21 :  Invalid Param: DDR3_RST_ACT_LOW ==> 0
MIG: 17:56:21 : NOBUF
MIG: 17:56:21 : NOBUF
MIG: 17:56:21 : 
MIG: 17:56:21 : Same Interface
MIG: 17:56:26 : Running synthesis.xit
MIG: 17:56:26 : IGN:     <ModuleName>mig_7series_0</ModuleName> <==>     <ModuleName>mig_7series_0</ModuleName> 
MIG: 17:56:26 : IGN:         <InputClkFreq>320</InputClkFreq> <==>         <InputClkFreq>320</InputClkFreq> 
MIG: 17:56:26 : Running vlog_synth_rpr.xit
MIG: 17:56:26 : IGN:     <ModuleName>mig_7series_0</ModuleName> <==>     <ModuleName>mig_7series_0</ModuleName> 
MIG: 17:56:26 : IGN:         <InputClkFreq>320</InputClkFreq> <==>         <InputClkFreq>320</InputClkFreq> 
MIG: 17:56:26 : Running simulation.xit
MIG: 17:56:26 : IGN:     <ModuleName>mig_7series_0</ModuleName> <==>     <ModuleName>mig_7series_0</ModuleName> 
MIG: 17:56:26 : IGN:         <InputClkFreq>320</InputClkFreq> <==>         <InputClkFreq>320</InputClkFreq> 
MIG: 17:56:26 : Running vlog_sim_rpr.xit .. PRASAD DBG1
MIG: 17:56:26 : IGN:     <ModuleName>mig_7series_0</ModuleName> <==>     <ModuleName>mig_7series_0</ModuleName> 
MIG: 17:56:26 : IGN:         <InputClkFreq>320</InputClkFreq> <==>         <InputClkFreq>320</InputClkFreq> 
MIG: 17:56:27 : Running implementation.xit
MIG: 17:56:27 : IGN:     <ModuleName>mig_7series_0</ModuleName> <==>     <ModuleName>mig_7series_0</ModuleName> 
MIG: 17:56:27 : IGN:         <InputClkFreq>320</InputClkFreq> <==>         <InputClkFreq>320</InputClkFreq> 
MIG: 18:11:32 : xml_input_file: mig_b.prj
MIG: 18:11:32 : Absolute path of xml_input_file: /home/kamran/MTP_PRO/kc705/ip/mig_7series_0/mig_b.prj
MIG: 18:11:32 : xml_input_file: mig_b.prj
MIG: 18:11:32 : Absolute path of xml_input_file: /home/kamran/MTP_PRO/kc705/ip/mig_7series_0/mig_b.prj
MIG: 18:11:32 : Running customizer.xit
MIG: 18:11:32 : ################# RUNNING MIG INTERACTIVE ###################
MIG: 18:11:32 : Writing IN file for 'mig_7series_0'...compDirPath: /home/kamran/my_xil_dir/Vivado/2017.1/data/ip/xilinx/mig_7series_v4_0... instDirPath: /home/kamran/MTP_PRO/kc705/vivado_synth/.Xil/Vivado-16512-ajit7/coregen/mig_7series_0
MIG: 18:11:32 : synp_flow:  -- synthesis_mode: Other
MIG: 18:11:32 : outputDirectory: /home/kamran/MTP_PRO/kc705/vivado_synth/.Xil/Vivado-16512-ajit7/coregen/mig_7series_0/_tmp/
MIG: 18:11:32 : vivado_mode: xpg_pa
MIG: 18:11:32 :  locked false  
MIG: 18:11:32 : HDL Language: Verilog
MIG: 18:11:32 : compInfo: false
MIG: 18:11:32 : Vivado Options xc7k325t ffg900 -2
MIG: 18:11:32 : 1: xc7k325t 2: ffg900 3: -2
MIG: 18:11:32 : relative mig path: coregen/ip/xilinx/other/com/xilinx/ip/mig_7series_v4_0/bin/lin64/mig
MIG: 18:11:32 : xilinx_path: /home/kamran/my_xil_dir/Vivado/2017.1/ids_lite/ISE
MIG: 18:11:32 : I am in catch area
MIG: 18:11:32 : Running /home/kamran/my_xil_dir/Vivado/2017.1/ids_lite/ISE/coregen/ip/xilinx/other/com/xilinx/ip/mig_7series_v4_0/bin/lin64/mig -cg_exc_inp /home/kamran/MTP_PRO/kc705/vivado_synth/.Xil/Vivado-16512-ajit7/coregen/mig_7series_0/xil_txt.in -cg_exc_out /home/kamran/MTP_PRO/kc705/vivado_synth/.Xil/Vivado-16512-ajit7/coregen/mig_7series_0/xil_txt.out ... 
MIG: 18:12:50 : Prasad before: xmlPropertyPrj -- mig_b.prj
MIG: 18:12:50 : Prasad After: xmlPropertyPrj -- mig_a.prj
MIG: 18:12:50 : XML_INPUT_FILE: /home/kamran/MTP_PRO/kc705/vivado_synth/.Xil/Vivado-16512-ajit7/coregen/mig_7series_0/mig_a.prj
MIG: 18:12:50 : Component_Name: mig_7series_0
MIG: 18:12:50 : Moving mig_7series_0.veo ...
MIG: 18:12:50 : Moving mig_7series_0_xmdf.tcl ...
MIG: 18:12:50 : Moving mig_7series_0 ...
MIG: 18:12:50 : Sending back 0
MIG: 18:12:51 : xml_input_file: mig_a.prj
MIG: 18:12:51 : Absolute path of xml_input_file: /home/kamran/MTP_PRO/kc705/ip/mig_7series_0/mig_a.prj
MIG: 18:12:51 : xml_input_file: mig_a.prj
MIG: 18:12:51 : Absolute path of xml_input_file: /home/kamran/MTP_PRO/kc705/ip/mig_7series_0/mig_a.prj
MIG: 18:12:51 : In updateAllModelParams
MIG: 18:12:51 : IGN:     <ModuleName>mig_7series_0</ModuleName> <==>     <ModuleName>mig_7series_0</ModuleName> 
MIG: 18:12:51 : IGN:         <InputClkFreq>320</InputClkFreq> <==>         <InputClkFreq>320</InputClkFreq> 
MIG: 18:12:51 : XGUI hdlLanguage: Verilog
MIG: 18:12:51 : xgui vivado_mode: xpg_pa
MIG: 18:12:51 : xgui hdlLanguage: Verilog -- hdlExt: v
MIG: 18:12:51 : Reading /home/kamran/MTP_PRO/kc705/ip/mig_7series_0/mig_7series_0/user_design/rtl/mig_7series_0_mig.v ...
MIG: 18:12:52 : 
MIG: 18:12:52 : Inside fn mem: DDR3
MIG: 18:12:52 : detect_uiclk: 80000000
MIG: 18:12:52 : cntrl:  memtype: DDR3
MIG: 18:12:52 : 
MIG: 18:12:52 :  MMCM_VCO single ctrl param_name: MMCM_VCO --  possibleMaxVcoVal: 640 
MIG: 18:12:52 : 
MIG: 18:12:52 : 
MIG: 18:12:52 : 
MIG: 18:12:52 : 
MIG: 18:12:52 :  polarity_value: 0
MIG: 18:12:52 : 
MIG: 18:12:52 : INTERNAL
MIG: 18:12:52 : cntrl:  memtype: DDR3
MIG: 18:12:52 : 
MIG: 18:12:52 :  Valid Param: DDR3_BANK_WIDTH ==> 3
MIG: 18:12:52 : 
MIG: 18:12:52 :  Valid Param: DDR3_CK_WIDTH ==> 1
MIG: 18:12:52 :  Invalid Param: DDR3_COL_WIDTH ==> 10
MIG: 18:12:52 : 
MIG: 18:12:52 :  Valid Param: DDR3_CS_WIDTH ==> 1
MIG: 18:12:52 : 
MIG: 18:12:52 :  Valid Param: DDR3_nCS_PER_RANK ==> 1
MIG: 18:12:52 : 
MIG: 18:12:52 :  Valid Param: DDR3_CKE_WIDTH ==> 1
MIG: 18:12:52 :  Invalid Param: DDR3_DATA_BUF_ADDR_WIDTH ==> 5
MIG: 18:12:52 :  Invalid Param: DDR3_DQ_CNT_WIDTH ==> 6
MIG: 18:12:52 :  Invalid Param: DDR3_DQ_PER_DM ==> 8
MIG: 18:12:52 : 
MIG: 18:12:52 :  Valid Param: DDR3_DM_WIDTH ==> 8
MIG: 18:12:52 : 
MIG: 18:12:52 :  Valid Param: DDR3_DQ_WIDTH ==> 64
MIG: 18:12:52 : 
MIG: 18:12:52 :  Valid Param: DDR3_DQS_WIDTH ==> 8
MIG: 18:12:52 : 
MIG: 18:12:52 :  Valid Param: DDR3_DQS_CNT_WIDTH ==> 3
MIG: 18:12:52 :  Invalid Param: DDR3_DRAM_WIDTH ==> 8
MIG: 18:12:52 : 
MIG: 18:12:52 :  Valid Param: ECC ==> OFF
MIG: 18:12:52 : 
MIG: 18:12:52 :  Valid Param: DDR3_DATA_WIDTH ==> 64
MIG: 18:12:52 :  Invalid Param: ECC_TEST ==> "OFF"
MIG: 18:12:52 :  Invalid Param: DDR3_PAYLOAD_WIDTH ==> (ECC_TEST == "OFF") ? DATA_WIDTH : DQ_WIDTH
MIG: 18:12:52 :  Invalid Param: DDR3_MEM_ADDR_ORDER ==> "BANK_ROW_COLUMN"
MIG: 18:12:52 :  Invalid Param: DDR3_nBANK_MACHS ==> 4
MIG: 18:12:52 :  Invalid Param: DDR3_RANKS ==> 1
MIG: 18:12:52 : 
MIG: 18:12:52 :  Valid Param: DDR3_ODT_WIDTH ==> 1
MIG: 18:12:52 : 
MIG: 18:12:52 :  Valid Param: DDR3_ROW_WIDTH ==> 14
MIG: 18:12:52 : 
MIG: 18:12:52 :  Valid Param: DDR3_ADDR_WIDTH ==> 28
MIG: 18:12:52 : 
MIG: 18:12:52 :  Valid Param: DDR3_USE_CS_PORT ==> 1
MIG: 18:12:52 : 
MIG: 18:12:52 :  Valid Param: DDR3_USE_DM_PORT ==> 1
MIG: 18:12:52 : 
MIG: 18:12:52 :  Valid Param: DDR3_USE_ODT_PORT ==> 1
MIG: 18:12:52 :  Invalid Param: DDR3_IS_CLK_SHARED ==> "FALSE"
MIG: 18:12:52 :  Invalid Param: DDR3_PHY_CONTROL_MASTER_BANK ==> 1
MIG: 18:12:52 :  Invalid Param: DDR3_MEM_DENSITY ==> "1Gb"
MIG: 18:12:52 :  Invalid Param: DDR3_MEM_SPEEDGRADE ==> "125"
MIG: 18:12:52 :  Invalid Param: DDR3_MEM_DEVICE_WIDTH ==> 8
MIG: 18:12:52 :  Invalid Param: DDR3_AL ==> "0"
MIG: 18:12:52 :  Invalid Param: DDR3_nAL ==> 0
MIG: 18:12:52 :  Invalid Param: DDR3_BURST_MODE ==> "8"
MIG: 18:12:52 :  Invalid Param: DDR3_BURST_TYPE ==> "SEQ"
MIG: 18:12:52 :  Invalid Param: DDR3_CL ==> 5
MIG: 18:12:52 :  Invalid Param: DDR3_CWL ==> 5
MIG: 18:12:52 :  Invalid Param: DDR3_OUTPUT_DRV ==> "HIGH"
MIG: 18:12:52 :  Invalid Param: DDR3_RTT_NOM ==> "40"
MIG: 18:12:52 :  Invalid Param: DDR3_RTT_WR ==> "OFF"
MIG: 18:12:52 :  Invalid Param: DDR3_ADDR_CMD_MODE ==> "1T"
MIG: 18:12:52 : 
MIG: 18:12:52 :  Valid Param: DDR3_REG_CTRL ==> OFF
MIG: 18:12:52 :  Invalid Param: DDR3_CA_MIRROR ==> "OFF"
MIG: 18:12:52 :  Invalid Param: DDR3_VDD_OP_VOLT ==> "150"
MIG: 18:12:52 :  Invalid Param: DDR3_CLKIN_PERIOD ==> 3125
MIG: 18:12:52 :  Invalid Param: DDR3_CLKFBOUT_MULT ==> 4
MIG: 18:12:52 :  Invalid Param: DDR3_DIVCLK_DIVIDE ==> 1
MIG: 18:12:52 :  Invalid Param: DDR3_CLKOUT0_PHASE ==> 315.0
MIG: 18:12:52 :  Invalid Param: DDR3_CLKOUT0_DIVIDE ==> 2
MIG: 18:12:52 :  Invalid Param: DDR3_CLKOUT1_DIVIDE ==> 4
MIG: 18:12:52 :  Invalid Param: DDR3_CLKOUT2_DIVIDE ==> 64
MIG: 18:12:52 :  Invalid Param: DDR3_CLKOUT3_DIVIDE ==> 16
MIG: 18:12:52 :  Invalid Param: DDR3_MMCM_VCO ==> 640
MIG: 18:12:52 :  Invalid Param: DDR3_MMCM_MULT_F ==> 8
MIG: 18:12:52 :  Invalid Param: DDR3_MMCM_DIVCLK_DIVIDE ==> 1
MIG: 18:12:52 :  Invalid Param: DDR3_tCKE ==> 5000
MIG: 18:12:52 :  Invalid Param: DDR3_tFAW ==> 30000
MIG: 18:12:52 :  Invalid Param: DDR3_tPRDI ==> 1_000_000
MIG: 18:12:52 :  Invalid Param: DDR3_tRAS ==> 35000
MIG: 18:12:52 :  Invalid Param: DDR3_tRCD ==> 13750
MIG: 18:12:52 :  Invalid Param: DDR3_tREFI ==> 7800000
MIG: 18:12:52 :  Invalid Param: DDR3_tRFC ==> 110000
MIG: 18:12:52 :  Invalid Param: DDR3_tRP ==> 13750
MIG: 18:12:52 :  Invalid Param: DDR3_tRRD ==> 6000
MIG: 18:12:52 :  Invalid Param: DDR3_tRTP ==> 7500
MIG: 18:12:52 :  Invalid Param: DDR3_tWTR ==> 7500
MIG: 18:12:52 :  Invalid Param: DDR3_tZQI ==> 128_000_000
MIG: 18:12:52 :  Invalid Param: DDR3_tZQCS ==> 64
MIG: 18:12:52 :  Invalid Param: DDR3_SIM_BYPASS_INIT_CAL ==> "OFF"
MIG: 18:12:52 :  Invalid Param: DDR3_SIMULATION ==> "FALSE"
MIG: 18:12:52 :  Invalid Param: DDR3_BYTE_LANES_B0 ==> 4'b1111
MIG: 18:12:52 :  Invalid Param: DDR3_BYTE_LANES_B1 ==> 4'b0111
MIG: 18:12:52 :  Invalid Param: DDR3_BYTE_LANES_B2 ==> 4'b1111
MIG: 18:12:52 :  Invalid Param: DDR3_BYTE_LANES_B3 ==> 4'b0000
MIG: 18:12:52 :  Invalid Param: DDR3_BYTE_LANES_B4 ==> 4'b0000
MIG: 18:12:52 :  Invalid Param: DDR3_DATA_CTL_B0 ==> 4'b1111
MIG: 18:12:52 :  Invalid Param: DDR3_DATA_CTL_B1 ==> 4'b0000
MIG: 18:12:52 :  Invalid Param: DDR3_DATA_CTL_B2 ==> 4'b1111
MIG: 18:12:52 :  Invalid Param: DDR3_DATA_CTL_B3 ==> 4'b0000
MIG: 18:12:52 :  Invalid Param: DDR3_DATA_CTL_B4 ==> 4'b0000
MIG: 18:12:52 :  Invalid Param: DDR3_PHY_0_BITLANES ==> 48'h3FE_3FE_3FE_2FF
MIG: 18:12:52 :  Invalid Param: DDR3_PHY_1_BITLANES ==> 48'h000_CB0_473_FFF
MIG: 18:12:52 :  Invalid Param: DDR3_PHY_2_BITLANES ==> 48'h3FE_3FE_3FE_2FF
MIG: 18:12:52 :  Invalid Param: DDR3_CK_BYTE_MAP ==> 144'h00_00_00_00_00_00_00_00_00_00_00_00_00_00_00_00_00_11
MIG: 18:12:52 :  Invalid Param: DDR3_ADDR_MAP ==> 192'h000_000_111_110_109_108_107_106_10B_10A_105_104_103_102_101_100
MIG: 18:12:52 :  Invalid Param: DDR3_BANK_MAP ==> 36'h11A_115_114
MIG: 18:12:52 :  Invalid Param: DDR3_CAS_MAP ==> 12'h12A
MIG: 18:12:52 :  Invalid Param: DDR3_CKE_ODT_BYTE_MAP ==> 8'h00
MIG: 18:12:52 :  Invalid Param: DDR3_CKE_MAP ==> 96'h000_000_000_000_000_000_000_116
MIG: 18:12:52 :  Invalid Param: DDR3_ODT_MAP ==> 96'h000_000_000_000_000_000_000_127
MIG: 18:12:52 :  Invalid Param: DDR3_CS_MAP ==> 120'h000_000_000_000_000_000_000_000_000_12B
MIG: 18:12:52 :  Invalid Param: DDR3_PARITY_MAP ==> 12'h000
MIG: 18:12:52 :  Invalid Param: DDR3_RAS_MAP ==> 12'h125
MIG: 18:12:52 :  Invalid Param: DDR3_WE_MAP ==> 12'h124
MIG: 18:12:52 :  Invalid Param: DDR3_DQS_BYTE_MAP ==> 144'h00_00_00_00_00_00_00_00_00_00_03_02_01_00_23_22_21_20
MIG: 18:12:52 :  Invalid Param: DDR3_DATA0_MAP ==> 96'h200_209_206_203_204_205_202_207
MIG: 18:12:52 :  Invalid Param: DDR3_DATA1_MAP ==> 96'h219_218_214_215_217_212_216_213
MIG: 18:12:52 :  Invalid Param: DDR3_DATA2_MAP ==> 96'h225_224_229_226_223_222_228_227
MIG: 18:12:52 :  Invalid Param: DDR3_DATA3_MAP ==> 96'h238_236_234_233_235_237_232_239
MIG: 18:12:52 :  Invalid Param: DDR3_DATA4_MAP ==> 96'h005_003_000_009_007_006_004_002
MIG: 18:12:52 :  Invalid Param: DDR3_DATA5_MAP ==> 96'h013_012_018_019_015_014_017_016
MIG: 18:12:52 :  Invalid Param: DDR3_DATA6_MAP ==> 96'h023_027_022_029_024_025_028_026
MIG: 18:12:52 :  Invalid Param: DDR3_DATA7_MAP ==> 96'h039_037_033_032_035_034_038_036
MIG: 18:12:52 :  Invalid Param: DDR3_DATA8_MAP ==> 96'h000_000_000_000_000_000_000_000
MIG: 18:12:52 :  Invalid Param: DDR3_DATA9_MAP ==> 96'h000_000_000_000_000_000_000_000
MIG: 18:12:52 :  Invalid Param: DDR3_DATA10_MAP ==> 96'h000_000_000_000_000_000_000_000
MIG: 18:12:52 :  Invalid Param: DDR3_DATA11_MAP ==> 96'h000_000_000_000_000_000_000_000
MIG: 18:12:52 :  Invalid Param: DDR3_DATA12_MAP ==> 96'h000_000_000_000_000_000_000_000
MIG: 18:12:52 :  Invalid Param: DDR3_DATA13_MAP ==> 96'h000_000_000_000_000_000_000_000
MIG: 18:12:52 :  Invalid Param: DDR3_DATA14_MAP ==> 96'h000_000_000_000_000_000_000_000
MIG: 18:12:52 :  Invalid Param: DDR3_DATA15_MAP ==> 96'h000_000_000_000_000_000_000_000
MIG: 18:12:52 :  Invalid Param: DDR3_DATA16_MAP ==> 96'h000_000_000_000_000_000_000_000
MIG: 18:12:52 :  Invalid Param: DDR3_DATA17_MAP ==> 96'h000_000_000_000_000_000_000_000
MIG: 18:12:52 :  Invalid Param: DDR3_MASK0_MAP ==> 108'h000_031_021_011_001_231_221_211_201
MIG: 18:12:52 :  Invalid Param: DDR3_MASK1_MAP ==> 108'h000_000_000_000_000_000_000_000_000
MIG: 18:12:52 :  Invalid Param: DDR3_SLOT_0_CONFIG ==> 8'b0000_0001
MIG: 18:12:52 :  Invalid Param: DDR3_SLOT_1_CONFIG ==> 8'b0000_0000
MIG: 18:12:52 :  Invalid Param: DDR3_IBUF_LPWR_MODE ==> "OFF"
MIG: 18:12:52 :  Invalid Param: DDR3_DATA_IO_IDLE_PWRDWN ==> "ON"
MIG: 18:12:52 :  Invalid Param: DDR3_BANK_TYPE ==> "HP_IO"
MIG: 18:12:52 :  Invalid Param: DDR3_DATA_IO_PRIM_TYPE ==> "HP_LP"
MIG: 18:12:52 :  Invalid Param: DDR3_CKE_ODT_AUX ==> "FALSE"
MIG: 18:12:52 :  Invalid Param: DDR3_USER_REFRESH ==> "OFF"
MIG: 18:12:52 :  Invalid Param: DDR3_WRLVL ==> "ON"
MIG: 18:12:52 :  Invalid Param: DDR3_ORDERING ==> "NORM"
MIG: 18:12:52 :  Invalid Param: DDR3_CALIB_ROW_ADD ==> 16'h0000
MIG: 18:12:52 :  Invalid Param: DDR3_CALIB_COL_ADD ==> 12'h000
MIG: 18:12:52 :  Invalid Param: DDR3_CALIB_BA_ADD ==> 3'h0
MIG: 18:12:52 :  Invalid Param: DDR3_TCQ ==> 100
MIG: 18:12:52 :  Invalid Param: DDR3_IDELAY_ADJ ==> "OFF"
MIG: 18:12:52 :  Invalid Param: DDR3_FINE_PER_BIT ==> "OFF"
MIG: 18:12:52 :  Invalid Param: DDR3_CENTER_COMP_MODE ==> "OFF"
MIG: 18:12:52 :  Invalid Param: DDR3_PI_VAL_ADJ ==> "OFF"
MIG: 18:12:52 :  Invalid Param: DDR3_IODELAY_GRP0 ==> "MIG_7SERIES_0_IODELAY_MIG0"
MIG: 18:12:52 :  Invalid Param: DDR3_IODELAY_GRP1 ==> "MIG_7SERIES_0_IODELAY_MIG1"
MIG: 18:12:52 :  Invalid Param: DDR3_SYSCLK_TYPE ==> "NO_BUFFER"
MIG: 18:12:52 :  Invalid Param: DDR3_REFCLK_TYPE ==> "NO_BUFFER"
MIG: 18:12:52 :  Invalid Param: DDR3_SYS_RST_PORT ==> "FALSE"
MIG: 18:12:52 :  Invalid Param: DDR3_FPGA_SPEED_GRADE ==> 2
MIG: 18:12:52 :  Invalid Param: DDR3_CMD_PIPE_PLUS1 ==> "ON"
MIG: 18:12:52 :  Invalid Param: DDR3_DRAM_TYPE ==> "DDR3"
MIG: 18:12:52 :  Invalid Param: DDR3_CAL_WIDTH ==> "HALF"
MIG: 18:12:52 :  Invalid Param: DDR3_STARVE_LIMIT ==> 2
MIG: 18:12:52 :  Invalid Param: DDR3_REF_CLK_MMCM_IODELAY_CTRL ==> "FALSE"
MIG: 18:12:52 :  Invalid Param: DDR3_REFCLK_FREQ ==> 200.0
MIG: 18:12:52 :  Invalid Param: DDR3_DIFF_TERM_REFCLK ==> "TRUE"
MIG: 18:12:52 :  Invalid Param: DDR3_tCK ==> 3125
MIG: 18:12:52 : 
MIG: 18:12:52 :  Valid Param: DDR3_nCK_PER_CLK ==> 4
MIG: 18:12:52 :  Invalid Param: DDR3_DIFF_TERM_SYSCLK ==> "TRUE"
MIG: 18:12:52 : 
MIG: 18:12:52 :  Valid Param: DDR3_DEBUG_PORT ==> OFF
MIG: 18:12:52 : 
MIG: 18:12:52 :  Invalid Param: DDR3_TEMP_MON_CONTROL ==> "INTERNAL"
MIG: 18:12:52 :  Invalid Param: DDR3_FPGA_VOLT_TYPE ==> "N"
MIG: 18:12:52 :  Invalid Param: DDR3_RST_ACT_LOW ==> 0
MIG: 18:12:52 : 
MIG: 18:12:52 : 
MIG: 18:12:52 : 
MIG: 18:12:52 : Same Interface
MIG: 18:13:08 : Running synthesis.xit
MIG: 18:13:08 : IGN:     <ModuleName>mig_7series_0</ModuleName> <==>     <ModuleName>mig_7series_0</ModuleName> 
MIG: 18:13:08 : IGN:         <InputClkFreq>320</InputClkFreq> <==>         <InputClkFreq>320</InputClkFreq> 
MIG: 18:13:08 : Running vlog_synth_rpr.xit
MIG: 18:13:08 : IGN:     <ModuleName>mig_7series_0</ModuleName> <==>     <ModuleName>mig_7series_0</ModuleName> 
MIG: 18:13:08 : IGN:         <InputClkFreq>320</InputClkFreq> <==>         <InputClkFreq>320</InputClkFreq> 
MIG: 18:13:08 : Running simulation.xit
MIG: 18:13:08 : IGN:     <ModuleName>mig_7series_0</ModuleName> <==>     <ModuleName>mig_7series_0</ModuleName> 
MIG: 18:13:08 : IGN:         <InputClkFreq>320</InputClkFreq> <==>         <InputClkFreq>320</InputClkFreq> 
MIG: 18:13:08 : Running vlog_sim_rpr.xit .. PRASAD DBG1
MIG: 18:13:08 : IGN:     <ModuleName>mig_7series_0</ModuleName> <==>     <ModuleName>mig_7series_0</ModuleName> 
MIG: 18:13:08 : IGN:         <InputClkFreq>320</InputClkFreq> <==>         <InputClkFreq>320</InputClkFreq> 
MIG: 18:13:08 : Running implementation.xit
MIG: 18:13:08 : IGN:     <ModuleName>mig_7series_0</ModuleName> <==>     <ModuleName>mig_7series_0</ModuleName> 
MIG: 18:13:08 : IGN:         <InputClkFreq>320</InputClkFreq> <==>         <InputClkFreq>320</InputClkFreq> 
MIG: 12:04:47 : xml_input_file: mig_a.prj
MIG: 12:04:47 : Absolute path of xml_input_file: /home/kamran/MTP_PRO/kc705/ip/mig_7series_0/mig_a.prj
MIG: 12:04:47 : xml_input_file: mig_a.prj
MIG: 12:04:47 : Absolute path of xml_input_file: /home/kamran/MTP_PRO/kc705/ip/mig_7series_0/mig_a.prj
MIG: 23:27:32 : xml_input_file: mig_a.prj
MIG: 23:27:32 : Absolute path of xml_input_file: /home/kamran/performance/new/ip/mig_7series_0/mig_a.prj
MIG: 23:27:32 : xml_input_file: mig_a.prj
MIG: 23:27:32 : Absolute path of xml_input_file: /home/kamran/performance/new/ip/mig_7series_0/mig_a.prj
MIG: 23:27:32 : In updateAllModelParams
MIG: 23:27:32 : ################# RUNNING MIG BATCH ###################
MIG: 23:27:32 : Writing IN file for 'mig_7series_0'...compDirPath: /home/kamran/my_xil_dir/Vivado/2017.1/data/ip/xilinx/mig_7series_v4_0... instDirPath: /home/kamran/performance/new/ip/mig_7series_0
MIG: 23:27:32 : synp_flow:  -- synthesis_mode: Other
MIG: 23:27:32 : outputDirectory: /home/kamran/performance/new/ip/mig_7series_0/_tmp/
MIG: 23:27:32 : vivado_mode: xpg_pa
MIG: 23:27:32 :  locked false  
MIG: 23:27:32 : HDL Language: Verilog
MIG: 23:27:32 : compInfo: true
MIG: 23:27:32 : Vivado Options xc7k325t ffg900 -2
MIG: 23:27:32 : 1: xc7k325t 2: ffg900 3: -2
MIG: 23:27:32 : relative mig path: coregen/ip/xilinx/other/com/xilinx/ip/mig_7series_v4_0/bin/lin64/mig
MIG: 23:27:32 : xilinx_path: /home/kamran/my_xil_dir/Vivado/2017.1/ids_lite/ISE
MIG: 23:27:32 : I am in catch area
MIG: 23:27:32 : Running /home/kamran/my_xil_dir/Vivado/2017.1/ids_lite/ISE/coregen/ip/xilinx/other/com/xilinx/ip/mig_7series_v4_0/bin/lin64/mig -cg_exc_inp /home/kamran/performance/new/ip/mig_7series_0/xil_txt.in -cg_exc_out /home/kamran/performance/new/ip/mig_7series_0/xil_txt.out ... 
MIG: 23:27:51 : XML_INPUT_FILE: /home/kamran/performance/new/ip/mig_7series_0/mig_a.prj
MIG: 23:27:51 : Component_Name: mig_7series_0
MIG: 23:27:51 : Moving mig_7series_0.veo ...
MIG: 23:27:51 : Moving mig_7series_0_xmdf.tcl ...
MIG: 23:27:51 : Moving mig_7series_0 ...
MIG: 23:27:51 : XGUI hdlLanguage: Verilog
MIG: 23:27:51 : xgui vivado_mode: xpg_pa
MIG: 23:27:51 : xgui hdlLanguage: Verilog -- hdlExt: v
MIG: 23:27:51 : Reading /home/kamran/performance/new/ip/mig_7series_0/mig_7series_0/user_design/rtl/mig_7series_0_mig.v ...
MIG: 23:27:52 : 1
MIG: 23:27:52 : Inside fn mem: DDR3
MIG: 23:27:52 : detect_uiclk: 80000000
MIG: 23:27:52 : cntrl:  memtype: DDR3
MIG: 23:27:52 : 640
MIG: 23:27:52 :  MMCM_VCO single ctrl param_name: MMCM_VCO --  possibleMaxVcoVal: 640 
MIG: 23:27:52 : 
MIG: 23:27:52 : 
MIG: 23:27:52 : 80000000
MIG: 23:27:52 : 
MIG: 23:27:52 :  polarity_value: 0
MIG: 23:27:52 : ACTIVE_HIGH
MIG: 23:27:52 : 
MIG: 23:27:52 : cntrl:  memtype: DDR3
MIG: 23:27:52 : 
MIG: 23:27:52 :  Valid Param: DDR3_BANK_WIDTH ==> 3
MIG: 23:27:52 : 
MIG: 23:27:52 :  Valid Param: DDR3_CK_WIDTH ==> 1
MIG: 23:27:52 :  Invalid Param: DDR3_COL_WIDTH ==> 10
MIG: 23:27:52 : 
MIG: 23:27:52 :  Valid Param: DDR3_CS_WIDTH ==> 1
MIG: 23:27:52 : 
MIG: 23:27:52 :  Valid Param: DDR3_nCS_PER_RANK ==> 1
MIG: 23:27:52 : 
MIG: 23:27:52 :  Valid Param: DDR3_CKE_WIDTH ==> 1
MIG: 23:27:52 :  Invalid Param: DDR3_DATA_BUF_ADDR_WIDTH ==> 5
MIG: 23:27:52 :  Invalid Param: DDR3_DQ_CNT_WIDTH ==> 6
MIG: 23:27:52 :  Invalid Param: DDR3_DQ_PER_DM ==> 8
MIG: 23:27:52 : 8
MIG: 23:27:52 :  Valid Param: DDR3_DM_WIDTH ==> 8
MIG: 23:27:52 : 64
MIG: 23:27:52 :  Valid Param: DDR3_DQ_WIDTH ==> 64
MIG: 23:27:52 : 8
MIG: 23:27:52 :  Valid Param: DDR3_DQS_WIDTH ==> 8
MIG: 23:27:52 : 3
MIG: 23:27:52 :  Valid Param: DDR3_DQS_CNT_WIDTH ==> 3
MIG: 23:27:52 :  Invalid Param: DDR3_DRAM_WIDTH ==> 8
MIG: 23:27:52 : 
MIG: 23:27:52 :  Valid Param: ECC ==> OFF
MIG: 23:27:52 : 64
MIG: 23:27:52 :  Valid Param: DDR3_DATA_WIDTH ==> 64
MIG: 23:27:52 :  Invalid Param: ECC_TEST ==> "OFF"
MIG: 23:27:52 :  Invalid Param: DDR3_PAYLOAD_WIDTH ==> (ECC_TEST == "OFF") ? DATA_WIDTH : DQ_WIDTH
MIG: 23:27:52 :  Invalid Param: DDR3_MEM_ADDR_ORDER ==> "BANK_ROW_COLUMN"
MIG: 23:27:52 :  Invalid Param: DDR3_nBANK_MACHS ==> 4
MIG: 23:27:52 :  Invalid Param: DDR3_RANKS ==> 1
MIG: 23:27:52 : 
MIG: 23:27:52 :  Valid Param: DDR3_ODT_WIDTH ==> 1
MIG: 23:27:52 : 
MIG: 23:27:52 :  Valid Param: DDR3_ROW_WIDTH ==> 14
MIG: 23:27:52 : 28
MIG: 23:27:52 :  Valid Param: DDR3_ADDR_WIDTH ==> 28
MIG: 23:27:52 : 
MIG: 23:27:52 :  Valid Param: DDR3_USE_CS_PORT ==> 1
MIG: 23:27:52 : 
MIG: 23:27:52 :  Valid Param: DDR3_USE_DM_PORT ==> 1
MIG: 23:27:52 : 
MIG: 23:27:52 :  Valid Param: DDR3_USE_ODT_PORT ==> 1
MIG: 23:27:52 :  Invalid Param: DDR3_IS_CLK_SHARED ==> "FALSE"
MIG: 23:27:52 :  Invalid Param: DDR3_PHY_CONTROL_MASTER_BANK ==> 1
MIG: 23:27:52 :  Invalid Param: DDR3_MEM_DENSITY ==> "1Gb"
MIG: 23:27:52 :  Invalid Param: DDR3_MEM_SPEEDGRADE ==> "125"
MIG: 23:27:52 :  Invalid Param: DDR3_MEM_DEVICE_WIDTH ==> 8
MIG: 23:27:52 :  Invalid Param: DDR3_AL ==> "0"
MIG: 23:27:52 :  Invalid Param: DDR3_nAL ==> 0
MIG: 23:27:52 :  Invalid Param: DDR3_BURST_MODE ==> "8"
MIG: 23:27:52 :  Invalid Param: DDR3_BURST_TYPE ==> "SEQ"
MIG: 23:27:52 :  Invalid Param: DDR3_CL ==> 5
MIG: 23:27:52 :  Invalid Param: DDR3_CWL ==> 5
MIG: 23:27:52 :  Invalid Param: DDR3_OUTPUT_DRV ==> "HIGH"
MIG: 23:27:52 :  Invalid Param: DDR3_RTT_NOM ==> "40"
MIG: 23:27:52 :  Invalid Param: DDR3_RTT_WR ==> "OFF"
MIG: 23:27:52 :  Invalid Param: DDR3_ADDR_CMD_MODE ==> "1T"
MIG: 23:27:52 : 
MIG: 23:27:52 :  Valid Param: DDR3_REG_CTRL ==> OFF
MIG: 23:27:52 :  Invalid Param: DDR3_CA_MIRROR ==> "OFF"
MIG: 23:27:52 :  Invalid Param: DDR3_VDD_OP_VOLT ==> "150"
MIG: 23:27:52 :  Invalid Param: DDR3_CLKIN_PERIOD ==> 3125
MIG: 23:27:52 :  Invalid Param: DDR3_CLKFBOUT_MULT ==> 4
MIG: 23:27:52 :  Invalid Param: DDR3_DIVCLK_DIVIDE ==> 1
MIG: 23:27:52 :  Invalid Param: DDR3_CLKOUT0_PHASE ==> 315.0
MIG: 23:27:52 :  Invalid Param: DDR3_CLKOUT0_DIVIDE ==> 2
MIG: 23:27:52 :  Invalid Param: DDR3_CLKOUT1_DIVIDE ==> 4
MIG: 23:27:52 :  Invalid Param: DDR3_CLKOUT2_DIVIDE ==> 64
MIG: 23:27:52 :  Invalid Param: DDR3_CLKOUT3_DIVIDE ==> 16
MIG: 23:27:52 :  Invalid Param: DDR3_MMCM_VCO ==> 640
MIG: 23:27:52 :  Invalid Param: DDR3_MMCM_MULT_F ==> 8
MIG: 23:27:52 :  Invalid Param: DDR3_MMCM_DIVCLK_DIVIDE ==> 1
MIG: 23:27:52 :  Invalid Param: DDR3_tCKE ==> 5000
MIG: 23:27:52 :  Invalid Param: DDR3_tFAW ==> 30000
MIG: 23:27:52 :  Invalid Param: DDR3_tPRDI ==> 1_000_000
MIG: 23:27:52 :  Invalid Param: DDR3_tRAS ==> 35000
MIG: 23:27:52 :  Invalid Param: DDR3_tRCD ==> 13750
MIG: 23:27:52 :  Invalid Param: DDR3_tREFI ==> 7800000
MIG: 23:27:52 :  Invalid Param: DDR3_tRFC ==> 110000
MIG: 23:27:52 :  Invalid Param: DDR3_tRP ==> 13750
MIG: 23:27:52 :  Invalid Param: DDR3_tRRD ==> 6000
MIG: 23:27:52 :  Invalid Param: DDR3_tRTP ==> 7500
MIG: 23:27:52 :  Invalid Param: DDR3_tWTR ==> 7500
MIG: 23:27:52 :  Invalid Param: DDR3_tZQI ==> 128_000_000
MIG: 23:27:52 :  Invalid Param: DDR3_tZQCS ==> 64
MIG: 23:27:52 :  Invalid Param: DDR3_SIM_BYPASS_INIT_CAL ==> "OFF"
MIG: 23:27:52 :  Invalid Param: DDR3_SIMULATION ==> "FALSE"
MIG: 23:27:52 :  Invalid Param: DDR3_BYTE_LANES_B0 ==> 4'b1111
MIG: 23:27:52 :  Invalid Param: DDR3_BYTE_LANES_B1 ==> 4'b0111
MIG: 23:27:52 :  Invalid Param: DDR3_BYTE_LANES_B2 ==> 4'b1111
MIG: 23:27:52 :  Invalid Param: DDR3_BYTE_LANES_B3 ==> 4'b0000
MIG: 23:27:52 :  Invalid Param: DDR3_BYTE_LANES_B4 ==> 4'b0000
MIG: 23:27:52 :  Invalid Param: DDR3_DATA_CTL_B0 ==> 4'b1111
MIG: 23:27:52 :  Invalid Param: DDR3_DATA_CTL_B1 ==> 4'b0000
MIG: 23:27:52 :  Invalid Param: DDR3_DATA_CTL_B2 ==> 4'b1111
MIG: 23:27:52 :  Invalid Param: DDR3_DATA_CTL_B3 ==> 4'b0000
MIG: 23:27:52 :  Invalid Param: DDR3_DATA_CTL_B4 ==> 4'b0000
MIG: 23:27:52 :  Invalid Param: DDR3_PHY_0_BITLANES ==> 48'h3FE_3FE_3FE_2FF
MIG: 23:27:52 :  Invalid Param: DDR3_PHY_1_BITLANES ==> 48'h000_CB0_473_FFF
MIG: 23:27:52 :  Invalid Param: DDR3_PHY_2_BITLANES ==> 48'h3FE_3FE_3FE_2FF
MIG: 23:27:52 :  Invalid Param: DDR3_CK_BYTE_MAP ==> 144'h00_00_00_00_00_00_00_00_00_00_00_00_00_00_00_00_00_11
MIG: 23:27:52 :  Invalid Param: DDR3_ADDR_MAP ==> 192'h000_000_111_110_109_108_107_106_10B_10A_105_104_103_102_101_100
MIG: 23:27:52 :  Invalid Param: DDR3_BANK_MAP ==> 36'h11A_115_114
MIG: 23:27:52 :  Invalid Param: DDR3_CAS_MAP ==> 12'h12A
MIG: 23:27:52 :  Invalid Param: DDR3_CKE_ODT_BYTE_MAP ==> 8'h00
MIG: 23:27:52 :  Invalid Param: DDR3_CKE_MAP ==> 96'h000_000_000_000_000_000_000_116
MIG: 23:27:52 :  Invalid Param: DDR3_ODT_MAP ==> 96'h000_000_000_000_000_000_000_127
MIG: 23:27:52 :  Invalid Param: DDR3_CS_MAP ==> 120'h000_000_000_000_000_000_000_000_000_12B
MIG: 23:27:52 :  Invalid Param: DDR3_PARITY_MAP ==> 12'h000
MIG: 23:27:52 :  Invalid Param: DDR3_RAS_MAP ==> 12'h125
MIG: 23:27:52 :  Invalid Param: DDR3_WE_MAP ==> 12'h124
MIG: 23:27:52 :  Invalid Param: DDR3_DQS_BYTE_MAP ==> 144'h00_00_00_00_00_00_00_00_00_00_03_02_01_00_23_22_21_20
MIG: 23:27:52 :  Invalid Param: DDR3_DATA0_MAP ==> 96'h200_209_206_203_204_205_202_207
MIG: 23:27:52 :  Invalid Param: DDR3_DATA1_MAP ==> 96'h219_218_214_215_217_212_216_213
MIG: 23:27:52 :  Invalid Param: DDR3_DATA2_MAP ==> 96'h225_224_229_226_223_222_228_227
MIG: 23:27:52 :  Invalid Param: DDR3_DATA3_MAP ==> 96'h238_236_234_233_235_237_232_239
MIG: 23:27:52 :  Invalid Param: DDR3_DATA4_MAP ==> 96'h005_003_000_009_007_006_004_002
MIG: 23:27:52 :  Invalid Param: DDR3_DATA5_MAP ==> 96'h013_012_018_019_015_014_017_016
MIG: 23:27:52 :  Invalid Param: DDR3_DATA6_MAP ==> 96'h023_027_022_029_024_025_028_026
MIG: 23:27:52 :  Invalid Param: DDR3_DATA7_MAP ==> 96'h039_037_033_032_035_034_038_036
MIG: 23:27:52 :  Invalid Param: DDR3_DATA8_MAP ==> 96'h000_000_000_000_000_000_000_000
MIG: 23:27:52 :  Invalid Param: DDR3_DATA9_MAP ==> 96'h000_000_000_000_000_000_000_000
MIG: 23:27:52 :  Invalid Param: DDR3_DATA10_MAP ==> 96'h000_000_000_000_000_000_000_000
MIG: 23:27:52 :  Invalid Param: DDR3_DATA11_MAP ==> 96'h000_000_000_000_000_000_000_000
MIG: 23:27:52 :  Invalid Param: DDR3_DATA12_MAP ==> 96'h000_000_000_000_000_000_000_000
MIG: 23:27:52 :  Invalid Param: DDR3_DATA13_MAP ==> 96'h000_000_000_000_000_000_000_000
MIG: 23:27:52 :  Invalid Param: DDR3_DATA14_MAP ==> 96'h000_000_000_000_000_000_000_000
MIG: 23:27:52 :  Invalid Param: DDR3_DATA15_MAP ==> 96'h000_000_000_000_000_000_000_000
MIG: 23:27:52 :  Invalid Param: DDR3_DATA16_MAP ==> 96'h000_000_000_000_000_000_000_000
MIG: 23:27:52 :  Invalid Param: DDR3_DATA17_MAP ==> 96'h000_000_000_000_000_000_000_000
MIG: 23:27:52 :  Invalid Param: DDR3_MASK0_MAP ==> 108'h000_031_021_011_001_231_221_211_201
MIG: 23:27:52 :  Invalid Param: DDR3_MASK1_MAP ==> 108'h000_000_000_000_000_000_000_000_000
MIG: 23:27:52 :  Invalid Param: DDR3_SLOT_0_CONFIG ==> 8'b0000_0001
MIG: 23:27:52 :  Invalid Param: DDR3_SLOT_1_CONFIG ==> 8'b0000_0000
MIG: 23:27:52 :  Invalid Param: DDR3_IBUF_LPWR_MODE ==> "OFF"
MIG: 23:27:52 :  Invalid Param: DDR3_DATA_IO_IDLE_PWRDWN ==> "ON"
MIG: 23:27:52 :  Invalid Param: DDR3_BANK_TYPE ==> "HP_IO"
MIG: 23:27:52 :  Invalid Param: DDR3_DATA_IO_PRIM_TYPE ==> "HP_LP"
MIG: 23:27:52 :  Invalid Param: DDR3_CKE_ODT_AUX ==> "FALSE"
MIG: 23:27:52 :  Invalid Param: DDR3_USER_REFRESH ==> "OFF"
MIG: 23:27:52 :  Invalid Param: DDR3_WRLVL ==> "ON"
MIG: 23:27:52 :  Invalid Param: DDR3_ORDERING ==> "NORM"
MIG: 23:27:52 :  Invalid Param: DDR3_CALIB_ROW_ADD ==> 16'h0000
MIG: 23:27:52 :  Invalid Param: DDR3_CALIB_COL_ADD ==> 12'h000
MIG: 23:27:52 :  Invalid Param: DDR3_CALIB_BA_ADD ==> 3'h0
MIG: 23:27:52 :  Invalid Param: DDR3_TCQ ==> 100
MIG: 23:27:52 :  Invalid Param: DDR3_IDELAY_ADJ ==> "OFF"
MIG: 23:27:52 :  Invalid Param: DDR3_FINE_PER_BIT ==> "OFF"
MIG: 23:27:52 :  Invalid Param: DDR3_CENTER_COMP_MODE ==> "OFF"
MIG: 23:27:52 :  Invalid Param: DDR3_PI_VAL_ADJ ==> "OFF"
MIG: 23:27:52 :  Invalid Param: DDR3_IODELAY_GRP0 ==> "MIG_7SERIES_0_IODELAY_MIG0"
MIG: 23:27:52 :  Invalid Param: DDR3_IODELAY_GRP1 ==> "MIG_7SERIES_0_IODELAY_MIG1"
MIG: 23:27:52 :  Invalid Param: DDR3_SYSCLK_TYPE ==> "NO_BUFFER"
MIG: 23:27:52 :  Invalid Param: DDR3_REFCLK_TYPE ==> "NO_BUFFER"
MIG: 23:27:52 :  Invalid Param: DDR3_SYS_RST_PORT ==> "FALSE"
MIG: 23:27:52 :  Invalid Param: DDR3_FPGA_SPEED_GRADE ==> 2
MIG: 23:27:52 :  Invalid Param: DDR3_CMD_PIPE_PLUS1 ==> "ON"
MIG: 23:27:52 :  Invalid Param: DDR3_DRAM_TYPE ==> "DDR3"
MIG: 23:27:52 :  Invalid Param: DDR3_CAL_WIDTH ==> "HALF"
MIG: 23:27:52 :  Invalid Param: DDR3_STARVE_LIMIT ==> 2
MIG: 23:27:52 :  Invalid Param: DDR3_REF_CLK_MMCM_IODELAY_CTRL ==> "FALSE"
MIG: 23:27:52 :  Invalid Param: DDR3_REFCLK_FREQ ==> 200.0
MIG: 23:27:52 :  Invalid Param: DDR3_DIFF_TERM_REFCLK ==> "TRUE"
MIG: 23:27:52 :  Invalid Param: DDR3_tCK ==> 3125
MIG: 23:27:52 : 4
MIG: 23:27:52 :  Valid Param: DDR3_nCK_PER_CLK ==> 4
MIG: 23:27:52 :  Invalid Param: DDR3_DIFF_TERM_SYSCLK ==> "TRUE"
MIG: 23:27:52 : 
MIG: 23:27:52 :  Valid Param: DDR3_DEBUG_PORT ==> OFF
MIG: 23:27:52 : 
MIG: 23:27:52 :  Invalid Param: DDR3_TEMP_MON_CONTROL ==> "INTERNAL"
MIG: 23:27:52 :  Invalid Param: DDR3_FPGA_VOLT_TYPE ==> "N"
MIG: 23:27:52 :  Invalid Param: DDR3_RST_ACT_LOW ==> 0
MIG: 23:27:52 : NOBUF
MIG: 23:27:52 : NOBUF
MIG: 23:27:52 : 
MIG: 23:27:52 : Same Interface
MIG: 23:27:53 : xml_input_file: mig_a.prj
MIG: 23:27:53 : Absolute path of xml_input_file: /home/kamran/performance/new/ip/mig_7series_0/mig_a.prj
MIG: 23:27:53 : In updateAllModelParams
MIG: 23:27:53 : IGN:     <ModuleName>mig_7series_0</ModuleName> <==>     <ModuleName>mig_7series_0</ModuleName> 
MIG: 23:27:53 : IGN:         <InputClkFreq>320</InputClkFreq> <==>         <InputClkFreq>320</InputClkFreq> 
MIG: 23:27:53 : XGUI hdlLanguage: Verilog
MIG: 23:27:53 : xgui vivado_mode: xpg_pa
MIG: 23:27:53 : xgui hdlLanguage: Verilog -- hdlExt: v
MIG: 23:27:53 : Reading /home/kamran/performance/new/ip/mig_7series_0/mig_7series_0/user_design/rtl/mig_7series_0_mig.v ...
MIG: 23:27:55 : 
MIG: 23:27:55 : Inside fn mem: DDR3
MIG: 23:27:55 : detect_uiclk: 80000000
MIG: 23:27:55 : cntrl:  memtype: DDR3
MIG: 23:27:55 : 
MIG: 23:27:55 :  MMCM_VCO single ctrl param_name: MMCM_VCO --  possibleMaxVcoVal: 640 
MIG: 23:27:55 : 
MIG: 23:27:55 : 
MIG: 23:27:55 : 
MIG: 23:27:55 : 
MIG: 23:27:55 :  polarity_value: 0
MIG: 23:27:55 : 
MIG: 23:27:55 : 
MIG: 23:27:55 : cntrl:  memtype: DDR3
MIG: 23:27:55 : 
MIG: 23:27:55 :  Valid Param: DDR3_BANK_WIDTH ==> 3
MIG: 23:27:55 : 
MIG: 23:27:55 :  Valid Param: DDR3_CK_WIDTH ==> 1
MIG: 23:27:55 :  Invalid Param: DDR3_COL_WIDTH ==> 10
MIG: 23:27:55 : 
MIG: 23:27:55 :  Valid Param: DDR3_CS_WIDTH ==> 1
MIG: 23:27:55 : 
MIG: 23:27:55 :  Valid Param: DDR3_nCS_PER_RANK ==> 1
MIG: 23:27:55 : 
MIG: 23:27:55 :  Valid Param: DDR3_CKE_WIDTH ==> 1
MIG: 23:27:55 :  Invalid Param: DDR3_DATA_BUF_ADDR_WIDTH ==> 5
MIG: 23:27:55 :  Invalid Param: DDR3_DQ_CNT_WIDTH ==> 6
MIG: 23:27:55 :  Invalid Param: DDR3_DQ_PER_DM ==> 8
MIG: 23:27:55 : 
MIG: 23:27:55 :  Valid Param: DDR3_DM_WIDTH ==> 8
MIG: 23:27:55 : 
MIG: 23:27:55 :  Valid Param: DDR3_DQ_WIDTH ==> 64
MIG: 23:27:55 : 
MIG: 23:27:55 :  Valid Param: DDR3_DQS_WIDTH ==> 8
MIG: 23:27:55 : 
MIG: 23:27:55 :  Valid Param: DDR3_DQS_CNT_WIDTH ==> 3
MIG: 23:27:55 :  Invalid Param: DDR3_DRAM_WIDTH ==> 8
MIG: 23:27:55 : 
MIG: 23:27:55 :  Valid Param: ECC ==> OFF
MIG: 23:27:55 : 
MIG: 23:27:55 :  Valid Param: DDR3_DATA_WIDTH ==> 64
MIG: 23:27:55 :  Invalid Param: ECC_TEST ==> "OFF"
MIG: 23:27:55 :  Invalid Param: DDR3_PAYLOAD_WIDTH ==> (ECC_TEST == "OFF") ? DATA_WIDTH : DQ_WIDTH
MIG: 23:27:55 :  Invalid Param: DDR3_MEM_ADDR_ORDER ==> "BANK_ROW_COLUMN"
MIG: 23:27:55 :  Invalid Param: DDR3_nBANK_MACHS ==> 4
MIG: 23:27:55 :  Invalid Param: DDR3_RANKS ==> 1
MIG: 23:27:55 : 
MIG: 23:27:55 :  Valid Param: DDR3_ODT_WIDTH ==> 1
MIG: 23:27:55 : 
MIG: 23:27:55 :  Valid Param: DDR3_ROW_WIDTH ==> 14
MIG: 23:27:55 : 
MIG: 23:27:55 :  Valid Param: DDR3_ADDR_WIDTH ==> 28
MIG: 23:27:55 : 
MIG: 23:27:55 :  Valid Param: DDR3_USE_CS_PORT ==> 1
MIG: 23:27:55 : 
MIG: 23:27:55 :  Valid Param: DDR3_USE_DM_PORT ==> 1
MIG: 23:27:55 : 
MIG: 23:27:55 :  Valid Param: DDR3_USE_ODT_PORT ==> 1
MIG: 23:27:55 :  Invalid Param: DDR3_IS_CLK_SHARED ==> "FALSE"
MIG: 23:27:55 :  Invalid Param: DDR3_PHY_CONTROL_MASTER_BANK ==> 1
MIG: 23:27:55 :  Invalid Param: DDR3_MEM_DENSITY ==> "1Gb"
MIG: 23:27:55 :  Invalid Param: DDR3_MEM_SPEEDGRADE ==> "125"
MIG: 23:27:55 :  Invalid Param: DDR3_MEM_DEVICE_WIDTH ==> 8
MIG: 23:27:55 :  Invalid Param: DDR3_AL ==> "0"
MIG: 23:27:55 :  Invalid Param: DDR3_nAL ==> 0
MIG: 23:27:55 :  Invalid Param: DDR3_BURST_MODE ==> "8"
MIG: 23:27:55 :  Invalid Param: DDR3_BURST_TYPE ==> "SEQ"
MIG: 23:27:55 :  Invalid Param: DDR3_CL ==> 5
MIG: 23:27:55 :  Invalid Param: DDR3_CWL ==> 5
MIG: 23:27:55 :  Invalid Param: DDR3_OUTPUT_DRV ==> "HIGH"
MIG: 23:27:55 :  Invalid Param: DDR3_RTT_NOM ==> "40"
MIG: 23:27:55 :  Invalid Param: DDR3_RTT_WR ==> "OFF"
MIG: 23:27:55 :  Invalid Param: DDR3_ADDR_CMD_MODE ==> "1T"
MIG: 23:27:55 : 
MIG: 23:27:55 :  Valid Param: DDR3_REG_CTRL ==> OFF
MIG: 23:27:55 :  Invalid Param: DDR3_CA_MIRROR ==> "OFF"
MIG: 23:27:55 :  Invalid Param: DDR3_VDD_OP_VOLT ==> "150"
MIG: 23:27:55 :  Invalid Param: DDR3_CLKIN_PERIOD ==> 3125
MIG: 23:27:55 :  Invalid Param: DDR3_CLKFBOUT_MULT ==> 4
MIG: 23:27:55 :  Invalid Param: DDR3_DIVCLK_DIVIDE ==> 1
MIG: 23:27:55 :  Invalid Param: DDR3_CLKOUT0_PHASE ==> 315.0
MIG: 23:27:55 :  Invalid Param: DDR3_CLKOUT0_DIVIDE ==> 2
MIG: 23:27:55 :  Invalid Param: DDR3_CLKOUT1_DIVIDE ==> 4
MIG: 23:27:55 :  Invalid Param: DDR3_CLKOUT2_DIVIDE ==> 64
MIG: 23:27:55 :  Invalid Param: DDR3_CLKOUT3_DIVIDE ==> 16
MIG: 23:27:55 :  Invalid Param: DDR3_MMCM_VCO ==> 640
MIG: 23:27:55 :  Invalid Param: DDR3_MMCM_MULT_F ==> 8
MIG: 23:27:55 :  Invalid Param: DDR3_MMCM_DIVCLK_DIVIDE ==> 1
MIG: 23:27:55 :  Invalid Param: DDR3_tCKE ==> 5000
MIG: 23:27:55 :  Invalid Param: DDR3_tFAW ==> 30000
MIG: 23:27:55 :  Invalid Param: DDR3_tPRDI ==> 1_000_000
MIG: 23:27:55 :  Invalid Param: DDR3_tRAS ==> 35000
MIG: 23:27:55 :  Invalid Param: DDR3_tRCD ==> 13750
MIG: 23:27:55 :  Invalid Param: DDR3_tREFI ==> 7800000
MIG: 23:27:55 :  Invalid Param: DDR3_tRFC ==> 110000
MIG: 23:27:55 :  Invalid Param: DDR3_tRP ==> 13750
MIG: 23:27:55 :  Invalid Param: DDR3_tRRD ==> 6000
MIG: 23:27:55 :  Invalid Param: DDR3_tRTP ==> 7500
MIG: 23:27:55 :  Invalid Param: DDR3_tWTR ==> 7500
MIG: 23:27:55 :  Invalid Param: DDR3_tZQI ==> 128_000_000
MIG: 23:27:55 :  Invalid Param: DDR3_tZQCS ==> 64
MIG: 23:27:55 :  Invalid Param: DDR3_SIM_BYPASS_INIT_CAL ==> "OFF"
MIG: 23:27:55 :  Invalid Param: DDR3_SIMULATION ==> "FALSE"
MIG: 23:27:55 :  Invalid Param: DDR3_BYTE_LANES_B0 ==> 4'b1111
MIG: 23:27:55 :  Invalid Param: DDR3_BYTE_LANES_B1 ==> 4'b0111
MIG: 23:27:55 :  Invalid Param: DDR3_BYTE_LANES_B2 ==> 4'b1111
MIG: 23:27:55 :  Invalid Param: DDR3_BYTE_LANES_B3 ==> 4'b0000
MIG: 23:27:55 :  Invalid Param: DDR3_BYTE_LANES_B4 ==> 4'b0000
MIG: 23:27:55 :  Invalid Param: DDR3_DATA_CTL_B0 ==> 4'b1111
MIG: 23:27:55 :  Invalid Param: DDR3_DATA_CTL_B1 ==> 4'b0000
MIG: 23:27:55 :  Invalid Param: DDR3_DATA_CTL_B2 ==> 4'b1111
MIG: 23:27:55 :  Invalid Param: DDR3_DATA_CTL_B3 ==> 4'b0000
MIG: 23:27:55 :  Invalid Param: DDR3_DATA_CTL_B4 ==> 4'b0000
MIG: 23:27:55 :  Invalid Param: DDR3_PHY_0_BITLANES ==> 48'h3FE_3FE_3FE_2FF
MIG: 23:27:55 :  Invalid Param: DDR3_PHY_1_BITLANES ==> 48'h000_CB0_473_FFF
MIG: 23:27:55 :  Invalid Param: DDR3_PHY_2_BITLANES ==> 48'h3FE_3FE_3FE_2FF
MIG: 23:27:55 :  Invalid Param: DDR3_CK_BYTE_MAP ==> 144'h00_00_00_00_00_00_00_00_00_00_00_00_00_00_00_00_00_11
MIG: 23:27:55 :  Invalid Param: DDR3_ADDR_MAP ==> 192'h000_000_111_110_109_108_107_106_10B_10A_105_104_103_102_101_100
MIG: 23:27:55 :  Invalid Param: DDR3_BANK_MAP ==> 36'h11A_115_114
MIG: 23:27:55 :  Invalid Param: DDR3_CAS_MAP ==> 12'h12A
MIG: 23:27:55 :  Invalid Param: DDR3_CKE_ODT_BYTE_MAP ==> 8'h00
MIG: 23:27:55 :  Invalid Param: DDR3_CKE_MAP ==> 96'h000_000_000_000_000_000_000_116
MIG: 23:27:55 :  Invalid Param: DDR3_ODT_MAP ==> 96'h000_000_000_000_000_000_000_127
MIG: 23:27:55 :  Invalid Param: DDR3_CS_MAP ==> 120'h000_000_000_000_000_000_000_000_000_12B
MIG: 23:27:55 :  Invalid Param: DDR3_PARITY_MAP ==> 12'h000
MIG: 23:27:55 :  Invalid Param: DDR3_RAS_MAP ==> 12'h125
MIG: 23:27:55 :  Invalid Param: DDR3_WE_MAP ==> 12'h124
MIG: 23:27:55 :  Invalid Param: DDR3_DQS_BYTE_MAP ==> 144'h00_00_00_00_00_00_00_00_00_00_03_02_01_00_23_22_21_20
MIG: 23:27:55 :  Invalid Param: DDR3_DATA0_MAP ==> 96'h200_209_206_203_204_205_202_207
MIG: 23:27:55 :  Invalid Param: DDR3_DATA1_MAP ==> 96'h219_218_214_215_217_212_216_213
MIG: 23:27:55 :  Invalid Param: DDR3_DATA2_MAP ==> 96'h225_224_229_226_223_222_228_227
MIG: 23:27:55 :  Invalid Param: DDR3_DATA3_MAP ==> 96'h238_236_234_233_235_237_232_239
MIG: 23:27:55 :  Invalid Param: DDR3_DATA4_MAP ==> 96'h005_003_000_009_007_006_004_002
MIG: 23:27:55 :  Invalid Param: DDR3_DATA5_MAP ==> 96'h013_012_018_019_015_014_017_016
MIG: 23:27:55 :  Invalid Param: DDR3_DATA6_MAP ==> 96'h023_027_022_029_024_025_028_026
MIG: 23:27:55 :  Invalid Param: DDR3_DATA7_MAP ==> 96'h039_037_033_032_035_034_038_036
MIG: 23:27:55 :  Invalid Param: DDR3_DATA8_MAP ==> 96'h000_000_000_000_000_000_000_000
MIG: 23:27:55 :  Invalid Param: DDR3_DATA9_MAP ==> 96'h000_000_000_000_000_000_000_000
MIG: 23:27:55 :  Invalid Param: DDR3_DATA10_MAP ==> 96'h000_000_000_000_000_000_000_000
MIG: 23:27:55 :  Invalid Param: DDR3_DATA11_MAP ==> 96'h000_000_000_000_000_000_000_000
MIG: 23:27:55 :  Invalid Param: DDR3_DATA12_MAP ==> 96'h000_000_000_000_000_000_000_000
MIG: 23:27:55 :  Invalid Param: DDR3_DATA13_MAP ==> 96'h000_000_000_000_000_000_000_000
MIG: 23:27:55 :  Invalid Param: DDR3_DATA14_MAP ==> 96'h000_000_000_000_000_000_000_000
MIG: 23:27:55 :  Invalid Param: DDR3_DATA15_MAP ==> 96'h000_000_000_000_000_000_000_000
MIG: 23:27:55 :  Invalid Param: DDR3_DATA16_MAP ==> 96'h000_000_000_000_000_000_000_000
MIG: 23:27:55 :  Invalid Param: DDR3_DATA17_MAP ==> 96'h000_000_000_000_000_000_000_000
MIG: 23:27:55 :  Invalid Param: DDR3_MASK0_MAP ==> 108'h000_031_021_011_001_231_221_211_201
MIG: 23:27:55 :  Invalid Param: DDR3_MASK1_MAP ==> 108'h000_000_000_000_000_000_000_000_000
MIG: 23:27:55 :  Invalid Param: DDR3_SLOT_0_CONFIG ==> 8'b0000_0001
MIG: 23:27:55 :  Invalid Param: DDR3_SLOT_1_CONFIG ==> 8'b0000_0000
MIG: 23:27:55 :  Invalid Param: DDR3_IBUF_LPWR_MODE ==> "OFF"
MIG: 23:27:55 :  Invalid Param: DDR3_DATA_IO_IDLE_PWRDWN ==> "ON"
MIG: 23:27:55 :  Invalid Param: DDR3_BANK_TYPE ==> "HP_IO"
MIG: 23:27:55 :  Invalid Param: DDR3_DATA_IO_PRIM_TYPE ==> "HP_LP"
MIG: 23:27:55 :  Invalid Param: DDR3_CKE_ODT_AUX ==> "FALSE"
MIG: 23:27:55 :  Invalid Param: DDR3_USER_REFRESH ==> "OFF"
MIG: 23:27:55 :  Invalid Param: DDR3_WRLVL ==> "ON"
MIG: 23:27:55 :  Invalid Param: DDR3_ORDERING ==> "NORM"
MIG: 23:27:55 :  Invalid Param: DDR3_CALIB_ROW_ADD ==> 16'h0000
MIG: 23:27:55 :  Invalid Param: DDR3_CALIB_COL_ADD ==> 12'h000
MIG: 23:27:55 :  Invalid Param: DDR3_CALIB_BA_ADD ==> 3'h0
MIG: 23:27:55 :  Invalid Param: DDR3_TCQ ==> 100
MIG: 23:27:55 :  Invalid Param: DDR3_IDELAY_ADJ ==> "OFF"
MIG: 23:27:55 :  Invalid Param: DDR3_FINE_PER_BIT ==> "OFF"
MIG: 23:27:55 :  Invalid Param: DDR3_CENTER_COMP_MODE ==> "OFF"
MIG: 23:27:55 :  Invalid Param: DDR3_PI_VAL_ADJ ==> "OFF"
MIG: 23:27:55 :  Invalid Param: DDR3_IODELAY_GRP0 ==> "MIG_7SERIES_0_IODELAY_MIG0"
MIG: 23:27:55 :  Invalid Param: DDR3_IODELAY_GRP1 ==> "MIG_7SERIES_0_IODELAY_MIG1"
MIG: 23:27:55 :  Invalid Param: DDR3_SYSCLK_TYPE ==> "NO_BUFFER"
MIG: 23:27:55 :  Invalid Param: DDR3_REFCLK_TYPE ==> "NO_BUFFER"
MIG: 23:27:55 :  Invalid Param: DDR3_SYS_RST_PORT ==> "FALSE"
MIG: 23:27:55 :  Invalid Param: DDR3_FPGA_SPEED_GRADE ==> 2
MIG: 23:27:55 :  Invalid Param: DDR3_CMD_PIPE_PLUS1 ==> "ON"
MIG: 23:27:55 :  Invalid Param: DDR3_DRAM_TYPE ==> "DDR3"
MIG: 23:27:55 :  Invalid Param: DDR3_CAL_WIDTH ==> "HALF"
MIG: 23:27:55 :  Invalid Param: DDR3_STARVE_LIMIT ==> 2
MIG: 23:27:55 :  Invalid Param: DDR3_REF_CLK_MMCM_IODELAY_CTRL ==> "FALSE"
MIG: 23:27:55 :  Invalid Param: DDR3_REFCLK_FREQ ==> 200.0
MIG: 23:27:55 :  Invalid Param: DDR3_DIFF_TERM_REFCLK ==> "TRUE"
MIG: 23:27:55 :  Invalid Param: DDR3_tCK ==> 3125
MIG: 23:27:55 : 
MIG: 23:27:55 :  Valid Param: DDR3_nCK_PER_CLK ==> 4
MIG: 23:27:55 :  Invalid Param: DDR3_DIFF_TERM_SYSCLK ==> "TRUE"
MIG: 23:27:55 : 
MIG: 23:27:55 :  Valid Param: DDR3_DEBUG_PORT ==> OFF
MIG: 23:27:55 : 
MIG: 23:27:55 :  Invalid Param: DDR3_TEMP_MON_CONTROL ==> "INTERNAL"
MIG: 23:27:55 :  Invalid Param: DDR3_FPGA_VOLT_TYPE ==> "N"
MIG: 23:27:55 :  Invalid Param: DDR3_RST_ACT_LOW ==> 0
MIG: 23:27:55 : 
MIG: 23:27:55 : 
MIG: 23:27:55 : 
MIG: 23:27:55 : Same Interface
MIG: 23:28:03 : Running synthesis.xit
MIG: 23:28:03 : IGN:     <ModuleName>mig_7series_0</ModuleName> <==>     <ModuleName>mig_7series_0</ModuleName> 
MIG: 23:28:03 : IGN:         <InputClkFreq>320</InputClkFreq> <==>         <InputClkFreq>320</InputClkFreq> 
MIG: 23:28:03 : Running vlog_synth_rpr.xit
MIG: 23:28:03 : IGN:     <ModuleName>mig_7series_0</ModuleName> <==>     <ModuleName>mig_7series_0</ModuleName> 
MIG: 23:28:03 : IGN:         <InputClkFreq>320</InputClkFreq> <==>         <InputClkFreq>320</InputClkFreq> 
MIG: 23:28:03 : Running simulation.xit
MIG: 23:28:03 : IGN:     <ModuleName>mig_7series_0</ModuleName> <==>     <ModuleName>mig_7series_0</ModuleName> 
MIG: 23:28:03 : IGN:         <InputClkFreq>320</InputClkFreq> <==>         <InputClkFreq>320</InputClkFreq> 
MIG: 23:28:03 : Running vlog_sim_rpr.xit .. PRASAD DBG1
MIG: 23:28:03 : IGN:     <ModuleName>mig_7series_0</ModuleName> <==>     <ModuleName>mig_7series_0</ModuleName> 
MIG: 23:28:03 : IGN:         <InputClkFreq>320</InputClkFreq> <==>         <InputClkFreq>320</InputClkFreq> 
MIG: 23:28:04 : Running implementation.xit
MIG: 23:28:04 : IGN:     <ModuleName>mig_7series_0</ModuleName> <==>     <ModuleName>mig_7series_0</ModuleName> 
MIG: 23:28:04 : IGN:         <InputClkFreq>320</InputClkFreq> <==>         <InputClkFreq>320</InputClkFreq> 
MIG: 21:00:23 : xml_input_file: mig_a.prj
MIG: 21:00:23 : Absolute path of xml_input_file: /home/kamran/performance/new/ip/mig_7series_0/mig_a.prj
MIG: 21:00:23 : xml_input_file: mig_a.prj
MIG: 21:00:23 : Absolute path of xml_input_file: /home/kamran/performance/new/ip/mig_7series_0/mig_a.prj
MIG: 21:01:44 : xml_input_file: mig_a.prj
MIG: 21:01:44 : Absolute path of xml_input_file: /home/kamran/performance/new/ip/mig_7series_0/mig_a.prj
MIG: 21:01:44 : xml_input_file: mig_a.prj
MIG: 21:01:44 : Absolute path of xml_input_file: /home/kamran/performance/new/ip/mig_7series_0/mig_a.prj
MIG: 21:01:45 : Running customizer.xit
MIG: 21:01:45 : ################# RUNNING MIG INTERACTIVE ###################
MIG: 21:01:45 : Writing IN file for 'mig_7series_0'...compDirPath: /home/kamran/my_xil_dir/Vivado/2017.1/data/ip/xilinx/mig_7series_v4_0... instDirPath: /home/kamran/my_xil_dir/Vivado/2017.1/.Xil/Vivado-7719-ajit7/coregen/mig_7series_0
MIG: 21:01:45 : synp_flow:  -- synthesis_mode: Other
MIG: 21:01:45 : outputDirectory: /home/kamran/my_xil_dir/Vivado/2017.1/.Xil/Vivado-7719-ajit7/coregen/mig_7series_0/_tmp/
MIG: 21:01:45 : vivado_mode: xpg_pa
MIG: 21:01:45 :  locked false  
MIG: 21:01:45 : HDL Language: Verilog
MIG: 21:01:45 : compInfo: false
MIG: 21:01:45 : Vivado Options xc7k325t ffg900 -2
MIG: 21:01:45 : 1: xc7k325t 2: ffg900 3: -2
MIG: 21:01:45 : relative mig path: coregen/ip/xilinx/other/com/xilinx/ip/mig_7series_v4_0/bin/lin64/mig
MIG: 21:01:45 : xilinx_path: /home/kamran/my_xil_dir/Vivado/2017.1/ids_lite/ISE
MIG: 21:01:45 : I am in catch area
MIG: 21:01:45 : Running /home/kamran/my_xil_dir/Vivado/2017.1/ids_lite/ISE/coregen/ip/xilinx/other/com/xilinx/ip/mig_7series_v4_0/bin/lin64/mig -cg_exc_inp /home/kamran/my_xil_dir/Vivado/2017.1/.Xil/Vivado-7719-ajit7/coregen/mig_7series_0/xil_txt.in -cg_exc_out /home/kamran/my_xil_dir/Vivado/2017.1/.Xil/Vivado-7719-ajit7/coregen/mig_7series_0/xil_txt.out ... 
MIG: 21:02:58 : Prasad before: xmlPropertyPrj -- mig_a.prj
MIG: 21:02:58 : Prasad After: xmlPropertyPrj -- mig_b.prj
MIG: 21:02:58 : XML_INPUT_FILE: /home/kamran/my_xil_dir/Vivado/2017.1/.Xil/Vivado-7719-ajit7/coregen/mig_7series_0/mig_b.prj
MIG: 21:02:58 : Component_Name: mig_7series_0
MIG: 21:02:58 : Moving mig_7series_0.veo ...
MIG: 21:02:58 : Moving mig_7series_0_xmdf.tcl ...
MIG: 21:02:58 : Moving mig_7series_0 ...
MIG: 21:02:58 : Sending back 0
MIG: 21:02:58 : xml_input_file: mig_b.prj
MIG: 21:02:58 : Absolute path of xml_input_file: /home/kamran/performance/new/ip/mig_7series_0/mig_b.prj
MIG: 21:02:58 : xml_input_file: mig_b.prj
MIG: 21:02:59 : Absolute path of xml_input_file: /home/kamran/performance/new/ip/mig_7series_0/mig_b.prj
MIG: 21:02:59 : In updateAllModelParams
MIG: 21:02:59 : IGN:     <ModuleName>mig_7series_0</ModuleName> <==>     <ModuleName>mig_7series_0</ModuleName> 
MIG: 21:02:59 : IGN:         <InputClkFreq>320</InputClkFreq> <==>         <InputClkFreq>320</InputClkFreq> 
MIG: 21:02:59 : XGUI hdlLanguage: Verilog
MIG: 21:02:59 : xgui vivado_mode: xpg_pa
MIG: 21:02:59 : xgui hdlLanguage: Verilog -- hdlExt: v
MIG: 21:02:59 : Reading /home/kamran/performance/new/ip/mig_7series_0/mig_7series_0/user_design/rtl/mig_7series_0_mig.v ...
MIG: 21:02:59 : 
MIG: 21:02:59 : Inside fn mem: DDR3
MIG: 21:02:59 : detect_uiclk: 80000000
MIG: 21:02:59 : cntrl:  memtype: DDR3
MIG: 21:02:59 : 
MIG: 21:02:59 :  MMCM_VCO single ctrl param_name: MMCM_VCO --  possibleMaxVcoVal: 640 
MIG: 21:02:59 : 
MIG: 21:02:59 : 
MIG: 21:02:59 : 
MIG: 21:02:59 : 
MIG: 21:02:59 :  polarity_value: 0
MIG: 21:02:59 : 
MIG: 21:02:59 : 
MIG: 21:02:59 : cntrl:  memtype: DDR3
MIG: 21:02:59 : 
MIG: 21:02:59 :  Valid Param: DDR3_BANK_WIDTH ==> 3
MIG: 21:02:59 : 
MIG: 21:02:59 :  Valid Param: DDR3_CK_WIDTH ==> 1
MIG: 21:02:59 :  Invalid Param: DDR3_COL_WIDTH ==> 10
MIG: 21:02:59 : 
MIG: 21:02:59 :  Valid Param: DDR3_CS_WIDTH ==> 1
MIG: 21:02:59 : 
MIG: 21:02:59 :  Valid Param: DDR3_nCS_PER_RANK ==> 1
MIG: 21:02:59 : 
MIG: 21:02:59 :  Valid Param: DDR3_CKE_WIDTH ==> 1
MIG: 21:02:59 :  Invalid Param: DDR3_DATA_BUF_ADDR_WIDTH ==> 5
MIG: 21:02:59 :  Invalid Param: DDR3_DQ_CNT_WIDTH ==> 6
MIG: 21:02:59 :  Invalid Param: DDR3_DQ_PER_DM ==> 8
MIG: 21:02:59 : 
MIG: 21:02:59 :  Valid Param: DDR3_DM_WIDTH ==> 8
MIG: 21:02:59 : 
MIG: 21:02:59 :  Valid Param: DDR3_DQ_WIDTH ==> 64
MIG: 21:02:59 : 
MIG: 21:02:59 :  Valid Param: DDR3_DQS_WIDTH ==> 8
MIG: 21:02:59 : 
MIG: 21:02:59 :  Valid Param: DDR3_DQS_CNT_WIDTH ==> 3
MIG: 21:02:59 :  Invalid Param: DDR3_DRAM_WIDTH ==> 8
MIG: 21:02:59 : 
MIG: 21:02:59 :  Valid Param: ECC ==> OFF
MIG: 21:02:59 : 
MIG: 21:02:59 :  Valid Param: DDR3_DATA_WIDTH ==> 64
MIG: 21:02:59 :  Invalid Param: ECC_TEST ==> "OFF"
MIG: 21:02:59 :  Invalid Param: DDR3_PAYLOAD_WIDTH ==> (ECC_TEST == "OFF") ? DATA_WIDTH : DQ_WIDTH
MIG: 21:02:59 :  Invalid Param: DDR3_MEM_ADDR_ORDER ==> "ROW_BANK_COLUMN"
MIG: 21:02:59 :  Invalid Param: DDR3_nBANK_MACHS ==> 4
MIG: 21:02:59 :  Invalid Param: DDR3_RANKS ==> 1
MIG: 21:02:59 : 
MIG: 21:02:59 :  Valid Param: DDR3_ODT_WIDTH ==> 1
MIG: 21:02:59 : 
MIG: 21:02:59 :  Valid Param: DDR3_ROW_WIDTH ==> 14
MIG: 21:02:59 : 
MIG: 21:02:59 :  Valid Param: DDR3_ADDR_WIDTH ==> 28
MIG: 21:02:59 : 
MIG: 21:02:59 :  Valid Param: DDR3_USE_CS_PORT ==> 1
MIG: 21:02:59 : 
MIG: 21:02:59 :  Valid Param: DDR3_USE_DM_PORT ==> 1
MIG: 21:02:59 : 
MIG: 21:02:59 :  Valid Param: DDR3_USE_ODT_PORT ==> 1
MIG: 21:02:59 :  Invalid Param: DDR3_IS_CLK_SHARED ==> "FALSE"
MIG: 21:02:59 :  Invalid Param: DDR3_PHY_CONTROL_MASTER_BANK ==> 1
MIG: 21:02:59 :  Invalid Param: DDR3_MEM_DENSITY ==> "1Gb"
MIG: 21:02:59 :  Invalid Param: DDR3_MEM_SPEEDGRADE ==> "125"
MIG: 21:02:59 :  Invalid Param: DDR3_MEM_DEVICE_WIDTH ==> 8
MIG: 21:02:59 :  Invalid Param: DDR3_AL ==> "0"
MIG: 21:02:59 :  Invalid Param: DDR3_nAL ==> 0
MIG: 21:02:59 :  Invalid Param: DDR3_BURST_MODE ==> "8"
MIG: 21:02:59 :  Invalid Param: DDR3_BURST_TYPE ==> "SEQ"
MIG: 21:02:59 :  Invalid Param: DDR3_CL ==> 5
MIG: 21:02:59 :  Invalid Param: DDR3_CWL ==> 5
MIG: 21:02:59 :  Invalid Param: DDR3_OUTPUT_DRV ==> "HIGH"
MIG: 21:02:59 :  Invalid Param: DDR3_RTT_NOM ==> "40"
MIG: 21:02:59 :  Invalid Param: DDR3_RTT_WR ==> "OFF"
MIG: 21:02:59 :  Invalid Param: DDR3_ADDR_CMD_MODE ==> "1T"
MIG: 21:02:59 : 
MIG: 21:02:59 :  Valid Param: DDR3_REG_CTRL ==> OFF
MIG: 21:02:59 :  Invalid Param: DDR3_CA_MIRROR ==> "OFF"
MIG: 21:02:59 :  Invalid Param: DDR3_VDD_OP_VOLT ==> "150"
MIG: 21:02:59 :  Invalid Param: DDR3_CLKIN_PERIOD ==> 3125
MIG: 21:02:59 :  Invalid Param: DDR3_CLKFBOUT_MULT ==> 4
MIG: 21:02:59 :  Invalid Param: DDR3_DIVCLK_DIVIDE ==> 1
MIG: 21:02:59 :  Invalid Param: DDR3_CLKOUT0_PHASE ==> 315.0
MIG: 21:02:59 :  Invalid Param: DDR3_CLKOUT0_DIVIDE ==> 2
MIG: 21:02:59 :  Invalid Param: DDR3_CLKOUT1_DIVIDE ==> 4
MIG: 21:02:59 :  Invalid Param: DDR3_CLKOUT2_DIVIDE ==> 64
MIG: 21:02:59 :  Invalid Param: DDR3_CLKOUT3_DIVIDE ==> 16
MIG: 21:02:59 :  Invalid Param: DDR3_MMCM_VCO ==> 640
MIG: 21:02:59 :  Invalid Param: DDR3_MMCM_MULT_F ==> 8
MIG: 21:02:59 :  Invalid Param: DDR3_MMCM_DIVCLK_DIVIDE ==> 1
MIG: 21:02:59 :  Invalid Param: DDR3_tCKE ==> 5000
MIG: 21:02:59 :  Invalid Param: DDR3_tFAW ==> 30000
MIG: 21:02:59 :  Invalid Param: DDR3_tPRDI ==> 1_000_000
MIG: 21:02:59 :  Invalid Param: DDR3_tRAS ==> 35000
MIG: 21:02:59 :  Invalid Param: DDR3_tRCD ==> 13750
MIG: 21:02:59 :  Invalid Param: DDR3_tREFI ==> 7800000
MIG: 21:02:59 :  Invalid Param: DDR3_tRFC ==> 110000
MIG: 21:02:59 :  Invalid Param: DDR3_tRP ==> 13750
MIG: 21:02:59 :  Invalid Param: DDR3_tRRD ==> 6000
MIG: 21:02:59 :  Invalid Param: DDR3_tRTP ==> 7500
MIG: 21:02:59 :  Invalid Param: DDR3_tWTR ==> 7500
MIG: 21:02:59 :  Invalid Param: DDR3_tZQI ==> 128_000_000
MIG: 21:02:59 :  Invalid Param: DDR3_tZQCS ==> 64
MIG: 21:02:59 :  Invalid Param: DDR3_SIM_BYPASS_INIT_CAL ==> "OFF"
MIG: 21:02:59 :  Invalid Param: DDR3_SIMULATION ==> "FALSE"
MIG: 21:02:59 :  Invalid Param: DDR3_BYTE_LANES_B0 ==> 4'b1111
MIG: 21:02:59 :  Invalid Param: DDR3_BYTE_LANES_B1 ==> 4'b0111
MIG: 21:02:59 :  Invalid Param: DDR3_BYTE_LANES_B2 ==> 4'b1111
MIG: 21:02:59 :  Invalid Param: DDR3_BYTE_LANES_B3 ==> 4'b0000
MIG: 21:02:59 :  Invalid Param: DDR3_BYTE_LANES_B4 ==> 4'b0000
MIG: 21:02:59 :  Invalid Param: DDR3_DATA_CTL_B0 ==> 4'b1111
MIG: 21:02:59 :  Invalid Param: DDR3_DATA_CTL_B1 ==> 4'b0000
MIG: 21:02:59 :  Invalid Param: DDR3_DATA_CTL_B2 ==> 4'b1111
MIG: 21:02:59 :  Invalid Param: DDR3_DATA_CTL_B3 ==> 4'b0000
MIG: 21:02:59 :  Invalid Param: DDR3_DATA_CTL_B4 ==> 4'b0000
MIG: 21:02:59 :  Invalid Param: DDR3_PHY_0_BITLANES ==> 48'h3FE_3FE_3FE_2FF
MIG: 21:02:59 :  Invalid Param: DDR3_PHY_1_BITLANES ==> 48'h000_CB0_473_FFF
MIG: 21:02:59 :  Invalid Param: DDR3_PHY_2_BITLANES ==> 48'h3FE_3FE_3FE_2FF
MIG: 21:02:59 :  Invalid Param: DDR3_CK_BYTE_MAP ==> 144'h00_00_00_00_00_00_00_00_00_00_00_00_00_00_00_00_00_11
MIG: 21:02:59 :  Invalid Param: DDR3_ADDR_MAP ==> 192'h000_000_111_110_109_108_107_106_10B_10A_105_104_103_102_101_100
MIG: 21:02:59 :  Invalid Param: DDR3_BANK_MAP ==> 36'h11A_115_114
MIG: 21:02:59 :  Invalid Param: DDR3_CAS_MAP ==> 12'h12A
MIG: 21:02:59 :  Invalid Param: DDR3_CKE_ODT_BYTE_MAP ==> 8'h00
MIG: 21:02:59 :  Invalid Param: DDR3_CKE_MAP ==> 96'h000_000_000_000_000_000_000_116
MIG: 21:02:59 :  Invalid Param: DDR3_ODT_MAP ==> 96'h000_000_000_000_000_000_000_127
MIG: 21:02:59 :  Invalid Param: DDR3_CS_MAP ==> 120'h000_000_000_000_000_000_000_000_000_12B
MIG: 21:02:59 :  Invalid Param: DDR3_PARITY_MAP ==> 12'h000
MIG: 21:02:59 :  Invalid Param: DDR3_RAS_MAP ==> 12'h125
MIG: 21:02:59 :  Invalid Param: DDR3_WE_MAP ==> 12'h124
MIG: 21:02:59 :  Invalid Param: DDR3_DQS_BYTE_MAP ==> 144'h00_00_00_00_00_00_00_00_00_00_03_02_01_00_23_22_21_20
MIG: 21:02:59 :  Invalid Param: DDR3_DATA0_MAP ==> 96'h200_209_206_203_204_205_202_207
MIG: 21:02:59 :  Invalid Param: DDR3_DATA1_MAP ==> 96'h219_218_214_215_217_212_216_213
MIG: 21:02:59 :  Invalid Param: DDR3_DATA2_MAP ==> 96'h225_224_229_226_223_222_228_227
MIG: 21:02:59 :  Invalid Param: DDR3_DATA3_MAP ==> 96'h238_236_234_233_235_237_232_239
MIG: 21:02:59 :  Invalid Param: DDR3_DATA4_MAP ==> 96'h005_003_000_009_007_006_004_002
MIG: 21:02:59 :  Invalid Param: DDR3_DATA5_MAP ==> 96'h013_012_018_019_015_014_017_016
MIG: 21:02:59 :  Invalid Param: DDR3_DATA6_MAP ==> 96'h023_027_022_029_024_025_028_026
MIG: 21:02:59 :  Invalid Param: DDR3_DATA7_MAP ==> 96'h039_037_033_032_035_034_038_036
MIG: 21:02:59 :  Invalid Param: DDR3_DATA8_MAP ==> 96'h000_000_000_000_000_000_000_000
MIG: 21:02:59 :  Invalid Param: DDR3_DATA9_MAP ==> 96'h000_000_000_000_000_000_000_000
MIG: 21:02:59 :  Invalid Param: DDR3_DATA10_MAP ==> 96'h000_000_000_000_000_000_000_000
MIG: 21:02:59 :  Invalid Param: DDR3_DATA11_MAP ==> 96'h000_000_000_000_000_000_000_000
MIG: 21:02:59 :  Invalid Param: DDR3_DATA12_MAP ==> 96'h000_000_000_000_000_000_000_000
MIG: 21:02:59 :  Invalid Param: DDR3_DATA13_MAP ==> 96'h000_000_000_000_000_000_000_000
MIG: 21:02:59 :  Invalid Param: DDR3_DATA14_MAP ==> 96'h000_000_000_000_000_000_000_000
MIG: 21:02:59 :  Invalid Param: DDR3_DATA15_MAP ==> 96'h000_000_000_000_000_000_000_000
MIG: 21:02:59 :  Invalid Param: DDR3_DATA16_MAP ==> 96'h000_000_000_000_000_000_000_000
MIG: 21:02:59 :  Invalid Param: DDR3_DATA17_MAP ==> 96'h000_000_000_000_000_000_000_000
MIG: 21:02:59 :  Invalid Param: DDR3_MASK0_MAP ==> 108'h000_031_021_011_001_231_221_211_201
MIG: 21:02:59 :  Invalid Param: DDR3_MASK1_MAP ==> 108'h000_000_000_000_000_000_000_000_000
MIG: 21:02:59 :  Invalid Param: DDR3_SLOT_0_CONFIG ==> 8'b0000_0001
MIG: 21:02:59 :  Invalid Param: DDR3_SLOT_1_CONFIG ==> 8'b0000_0000
MIG: 21:02:59 :  Invalid Param: DDR3_IBUF_LPWR_MODE ==> "OFF"
MIG: 21:02:59 :  Invalid Param: DDR3_DATA_IO_IDLE_PWRDWN ==> "ON"
MIG: 21:02:59 :  Invalid Param: DDR3_BANK_TYPE ==> "HP_IO"
MIG: 21:02:59 :  Invalid Param: DDR3_DATA_IO_PRIM_TYPE ==> "HP_LP"
MIG: 21:02:59 :  Invalid Param: DDR3_CKE_ODT_AUX ==> "FALSE"
MIG: 21:02:59 :  Invalid Param: DDR3_USER_REFRESH ==> "OFF"
MIG: 21:02:59 :  Invalid Param: DDR3_WRLVL ==> "ON"
MIG: 21:02:59 :  Invalid Param: DDR3_ORDERING ==> "NORM"
MIG: 21:02:59 :  Invalid Param: DDR3_CALIB_ROW_ADD ==> 16'h0000
MIG: 21:02:59 :  Invalid Param: DDR3_CALIB_COL_ADD ==> 12'h000
MIG: 21:02:59 :  Invalid Param: DDR3_CALIB_BA_ADD ==> 3'h0
MIG: 21:02:59 :  Invalid Param: DDR3_TCQ ==> 100
MIG: 21:02:59 :  Invalid Param: DDR3_IDELAY_ADJ ==> "OFF"
MIG: 21:02:59 :  Invalid Param: DDR3_FINE_PER_BIT ==> "OFF"
MIG: 21:02:59 :  Invalid Param: DDR3_CENTER_COMP_MODE ==> "OFF"
MIG: 21:02:59 :  Invalid Param: DDR3_PI_VAL_ADJ ==> "OFF"
MIG: 21:02:59 :  Invalid Param: DDR3_IODELAY_GRP0 ==> "MIG_7SERIES_0_IODELAY_MIG0"
MIG: 21:02:59 :  Invalid Param: DDR3_IODELAY_GRP1 ==> "MIG_7SERIES_0_IODELAY_MIG1"
MIG: 21:02:59 :  Invalid Param: DDR3_SYSCLK_TYPE ==> "NO_BUFFER"
MIG: 21:02:59 :  Invalid Param: DDR3_REFCLK_TYPE ==> "NO_BUFFER"
MIG: 21:02:59 :  Invalid Param: DDR3_SYS_RST_PORT ==> "FALSE"
MIG: 21:02:59 :  Invalid Param: DDR3_FPGA_SPEED_GRADE ==> 2
MIG: 21:02:59 :  Invalid Param: DDR3_CMD_PIPE_PLUS1 ==> "ON"
MIG: 21:02:59 :  Invalid Param: DDR3_DRAM_TYPE ==> "DDR3"
MIG: 21:02:59 :  Invalid Param: DDR3_CAL_WIDTH ==> "HALF"
MIG: 21:02:59 :  Invalid Param: DDR3_STARVE_LIMIT ==> 2
MIG: 21:02:59 :  Invalid Param: DDR3_REF_CLK_MMCM_IODELAY_CTRL ==> "FALSE"
MIG: 21:02:59 :  Invalid Param: DDR3_REFCLK_FREQ ==> 200.0
MIG: 21:02:59 :  Invalid Param: DDR3_DIFF_TERM_REFCLK ==> "TRUE"
MIG: 21:02:59 :  Invalid Param: DDR3_tCK ==> 3125
MIG: 21:02:59 : 
MIG: 21:02:59 :  Valid Param: DDR3_nCK_PER_CLK ==> 4
MIG: 21:02:59 :  Invalid Param: DDR3_DIFF_TERM_SYSCLK ==> "TRUE"
MIG: 21:02:59 : 
MIG: 21:02:59 :  Valid Param: DDR3_DEBUG_PORT ==> OFF
MIG: 21:02:59 : 
MIG: 21:02:59 :  Invalid Param: DDR3_TEMP_MON_CONTROL ==> "INTERNAL"
MIG: 21:02:59 :  Invalid Param: DDR3_FPGA_VOLT_TYPE ==> "N"
MIG: 21:02:59 :  Invalid Param: DDR3_RST_ACT_LOW ==> 0
MIG: 21:02:59 : 
MIG: 21:02:59 : 
MIG: 21:02:59 : 
MIG: 21:02:59 : Same Interface
MIG: 21:03:04 : Running synthesis.xit
MIG: 21:03:04 : IGN:     <ModuleName>mig_7series_0</ModuleName> <==>     <ModuleName>mig_7series_0</ModuleName> 
MIG: 21:03:04 : IGN:         <InputClkFreq>320</InputClkFreq> <==>         <InputClkFreq>320</InputClkFreq> 
MIG: 21:03:04 : Running vlog_synth_rpr.xit
MIG: 21:03:04 : IGN:     <ModuleName>mig_7series_0</ModuleName> <==>     <ModuleName>mig_7series_0</ModuleName> 
MIG: 21:03:04 : IGN:         <InputClkFreq>320</InputClkFreq> <==>         <InputClkFreq>320</InputClkFreq> 
MIG: 21:03:04 : Running simulation.xit
MIG: 21:03:04 : IGN:     <ModuleName>mig_7series_0</ModuleName> <==>     <ModuleName>mig_7series_0</ModuleName> 
MIG: 21:03:04 : IGN:         <InputClkFreq>320</InputClkFreq> <==>         <InputClkFreq>320</InputClkFreq> 
MIG: 21:03:04 : Running vlog_sim_rpr.xit .. PRASAD DBG1
MIG: 21:03:04 : IGN:     <ModuleName>mig_7series_0</ModuleName> <==>     <ModuleName>mig_7series_0</ModuleName> 
MIG: 21:03:04 : IGN:         <InputClkFreq>320</InputClkFreq> <==>         <InputClkFreq>320</InputClkFreq> 
MIG: 21:03:04 : Running implementation.xit
MIG: 21:03:04 : IGN:     <ModuleName>mig_7series_0</ModuleName> <==>     <ModuleName>mig_7series_0</ModuleName> 
MIG: 21:03:04 : IGN:         <InputClkFreq>320</InputClkFreq> <==>         <InputClkFreq>320</InputClkFreq> 
MIG: 16:35:56 : xml_input_file: mig_b.prj
MIG: 16:35:56 : Absolute path of xml_input_file: /home/kamran/performance/new/ip/mig_7series_0/mig_b.prj
MIG: 16:35:56 : xml_input_file: mig_b.prj
MIG: 16:35:56 : Absolute path of xml_input_file: /home/kamran/performance/new/ip/mig_7series_0/mig_b.prj
MIG: 01:54:31 : xml_input_file: mig_b.prj
MIG: 01:54:31 : Absolute path of xml_input_file: /home/kamran/performance/new/ip/mig_7series_0/mig_b.prj
MIG: 01:54:31 : xml_input_file: mig_b.prj
MIG: 01:54:31 : Absolute path of xml_input_file: /home/kamran/performance/new/ip/mig_7series_0/mig_b.prj
